{"level":"info","message":"example app listening! Bootup complete!","timestamp":"2015-08-27T04:53:31.912Z"}
{"answer":50,"level":"info","message":"null","timestamp":"2015-08-27T04:53:31.977Z"}
{"answer":150,"info":"123+27","level":"info","message":"null","timestamp":"2015-08-27T04:53:31.983Z"}
{"level":"info","message":"example app listening! Bootup complete!","timestamp":"2015-08-27T04:54:07.804Z"}
{"answer":50,"level":"info","message":"null","timestamp":"2015-08-27T04:54:07.871Z"}
{"answer":150,"info":"123+27","level":"info","message":"null","timestamp":"2015-08-27T04:54:07.877Z"}
{"level":"info","message":"example app listening! Bootup complete!","timestamp":"2015-08-27T04:54:19.078Z"}
{"answer":50,"level":"info","message":"null","timestamp":"2015-08-27T04:54:19.149Z"}
{"answer":150,"info":"123+27","level":"debug","message":"null","timestamp":"2015-08-27T04:54:19.155Z"}
{"level":"info","message":"example app listening! Bootup complete!","timestamp":"2015-08-27T04:54:22.267Z"}
{"answer":50,"level":"debug","message":"null","timestamp":"2015-08-27T04:54:22.345Z"}
{"answer":150,"info":"123+27","level":"debug","message":"null","timestamp":"2015-08-27T04:54:22.352Z"}
{"level":"info","message":"example app listening! Bootup complete!","timestamp":"2015-08-27T04:54:42.754Z"}
{"answer":50,"level":"info","message":"null","timestamp":"2015-08-27T04:54:42.822Z"}
{"answer":150,"info":"123+27","level":"info","message":"null","timestamp":"2015-08-27T04:54:42.828Z"}
{"level":"info","message":"example app listening! Bootup complete!","timestamp":"2015-08-27T04:55:00.112Z"}
{"answer":50,"level":"info","message":"null","timestamp":"2015-08-27T04:55:00.180Z"}
{"answer":150,"info":"123+27","level":"info","message":"null","timestamp":"2015-08-27T04:55:00.185Z"}
{"level":"info","message":"example app listening! Bootup complete!","timestamp":"2015-08-27T04:55:10.425Z"}
{"answer":50,"level":"info","message":"null","timestamp":"2015-08-27T04:55:10.488Z"}
{"answer":150,"info":"123+27","level":"info","message":"null","timestamp":"2015-08-27T04:55:10.494Z"}
{"level":"info","message":"example app listening! Bootup complete!","timestamp":"2015-08-27T04:55:32.864Z"}
{"answer":50,"level":"info","message":"null","timestamp":"2015-08-27T04:55:32.928Z"}
{"answer":150,"info":"123+27","level":"info","message":"null","timestamp":"2015-08-27T04:55:32.933Z"}
{"level":"info","message":"example app listening! Bootup complete!","timestamp":"2015-08-27T04:55:46.211Z"}
{"answer":50,"level":"info","message":"null","timestamp":"2015-08-27T04:55:46.277Z"}
{"answer":150,"info":"123+27","level":"info","message":"null","timestamp":"2015-08-27T04:55:46.282Z"}
{"level":"info","message":"example app listening! Bootup complete!","timestamp":"2015-08-27T04:55:57.523Z"}
{"answer":50,"level":"info","message":"null","timestamp":"2015-08-27T04:55:57.600Z"}
{"answer":150,"info":"123+27","level":"info","message":"null","timestamp":"2015-08-27T04:55:57.607Z"}
{"level":"info","message":"example app listening! Bootup complete!","timestamp":"2015-08-27T05:00:50.954Z"}
{"answer":50,"level":"info","message":"null","timestamp":"2015-08-27T05:00:51.039Z"}
{"answer":150,"info":"123+27","level":"info","message":"null","timestamp":"2015-08-27T05:00:51.048Z"}
{"level":"info","message":"more log info from winston?","timestamp":"2015-08-27T05:01:14.190Z"}
{"level":"info","message":"example app listening! Bootup complete!","timestamp":"2015-08-27T05:01:14.554Z"}
{"answer":50,"level":"info","message":"null","timestamp":"2015-08-27T05:01:14.623Z"}
{"answer":150,"info":"123+27","level":"info","message":"null","timestamp":"2015-08-27T05:01:14.629Z"}
{"level":"info","message":"more log info from winston?","timestamp":"2015-08-27T05:01:53.186Z"}
{"level":"info","message":"example app listening! Bootup complete!","timestamp":"2015-08-27T05:01:53.489Z"}
{"answer":50,"level":"info","message":"null","timestamp":"2015-08-27T05:01:53.565Z"}
{"answer":150,"info":"123+27","level":"info","message":"null","timestamp":"2015-08-27T05:01:53.571Z"}
{"level":"info","message":"example app listening! Bootup complete!","timestamp":"2015-08-27T05:01:55.657Z"}
{"answer":50,"level":"info","message":"null","timestamp":"2015-08-27T05:01:55.724Z"}
{"answer":150,"info":"123+27","level":"info","message":"null","timestamp":"2015-08-27T05:01:55.729Z"}
{"level":"info","message":"example app listening! Bootup complete!","timestamp":"2015-08-27T05:03:01.232Z"}
{"say":"hellooooooooooo!!","level":"info","message":"","timestamp":"2015-08-27T05:03:01.306Z"}
{"level":"info","message":"example app listening! Bootup complete!","timestamp":"2015-08-27T05:03:02.235Z"}
{"say":"hellooooooooooo!!","level":"info","message":"","timestamp":"2015-08-27T05:03:02.280Z"}
{"answer":50,"level":"info","message":"null","timestamp":"2015-08-27T05:03:02.306Z"}
{"answer":150,"info":"123+27","level":"info","message":"null","timestamp":"2015-08-27T05:03:02.311Z"}
{"level":"info","message":"example app listening! Bootup complete!","timestamp":"2015-08-27T05:03:17.798Z"}
{"say":"hellooooooooooo!!","level":"info","message":"","timestamp":"2015-08-27T05:03:17.861Z"}
{"answer":50,"level":"info","message":"null","timestamp":"2015-08-27T05:03:17.894Z"}
{"answer":150,"info":"123+27","level":"info","message":"null","timestamp":"2015-08-27T05:03:17.901Z"}
{"level":"info","message":"example app listening! Bootup complete!","timestamp":"2015-08-27T05:03:51.625Z"}
{"say":"hellooooooooooo!!","level":"info","message":"","timestamp":"2015-08-27T05:03:51.670Z"}
{"answer":50,"level":"info","message":"null","timestamp":"2015-08-27T05:03:51.695Z"}
{"answer":150,"info":"123+27","level":"info","message":"null","timestamp":"2015-08-27T05:03:51.701Z"}
{"level":"info","message":"example app listening! Bootup complete!","timestamp":"2015-08-27T05:04:03.014Z"}
{"say":"hellooooooooooo!!","level":"info","message":"","timestamp":"2015-08-27T05:04:03.057Z"}
{"answer":50,"level":"info","message":"null","timestamp":"2015-08-27T05:04:03.080Z"}
{"answer":150,"info":"123+27","level":"info","message":"null","timestamp":"2015-08-27T05:04:03.084Z"}
{"level":"info","message":"example app listening! Bootup complete!","timestamp":"2015-08-27T05:04:05.839Z"}
{"say":"hellooooooooooo!!","level":"info","message":"","timestamp":"2015-08-27T05:04:05.881Z"}
{"answer":50,"level":"info","message":"null","timestamp":"2015-08-27T05:04:05.904Z"}
{"answer":150,"info":"123+27","level":"info","message":"null","timestamp":"2015-08-27T05:04:05.910Z"}
{"level":"info","message":"example app listening! Bootup complete!","timestamp":"2015-08-27T05:04:19.161Z"}
{"say":"hellooooooooooo!!","level":"info","message":"","timestamp":"2015-08-27T05:04:19.209Z"}
{"answer":50,"level":"info","message":"null","timestamp":"2015-08-27T05:04:19.247Z"}
{"answer":150,"info":"123+27","level":"info","message":"null","timestamp":"2015-08-27T05:04:19.254Z"}
{"level":"info","message":"example app listening! Bootup complete!","timestamp":"2015-08-27T05:04:25.371Z"}
{"say":"hellooooooooooo!!","level":"info","message":"","timestamp":"2015-08-27T05:04:25.430Z"}
{"answer":50,"level":"info","message":"null","timestamp":"2015-08-27T05:04:25.463Z"}
{"answer":150,"info":"123+27","level":"info","message":"null","timestamp":"2015-08-27T05:04:25.468Z"}
{"level":"info","message":"example app listening! Bootup complete!","timestamp":"2015-08-27T05:05:00.202Z"}
{"say":"hellooooooooooo!!","level":"info","message":"","timestamp":"2015-08-27T05:05:00.242Z"}
{"answer":50,"level":"info","message":"null","timestamp":"2015-08-27T05:05:00.268Z"}
{"answer":150,"info":"123+27","level":"info","message":"null","timestamp":"2015-08-27T05:05:00.273Z"}
{"level":"info","message":"example app listening! Bootup complete!","timestamp":"2015-08-27T05:05:07.445Z"}
{"say":"hellooooooooooo!!","level":"info","message":"","timestamp":"2015-08-27T05:05:07.488Z"}
{"answer":50,"level":"info","message":"null","timestamp":"2015-08-27T05:05:07.512Z"}
{"answer":150,"info":"123+27","level":"info","message":"null","timestamp":"2015-08-27T05:05:07.517Z"}
{"level":"info","message":"example app listening! Bootup complete!","timestamp":"2015-08-27T05:05:26.908Z"}
{"say":"hellooooooooooo!!","level":"info","message":"","timestamp":"2015-08-27T05:05:26.951Z"}
{"answer":50,"level":"info","message":"null","timestamp":"2015-08-27T05:05:26.975Z"}
{"answer":150,"info":"123+27","level":"info","message":"null","timestamp":"2015-08-27T05:05:26.980Z"}
{"level":"info","message":"example app listening! Bootup complete!","timestamp":"2015-08-27T05:05:41.246Z"}
{"say":"hellooooooooooo!!","level":"info","message":"","timestamp":"2015-08-27T05:05:41.289Z"}
{"answer":50,"level":"info","message":"null","timestamp":"2015-08-27T05:05:41.312Z"}
{"answer":150,"info":"123+27","level":"info","message":"null","timestamp":"2015-08-27T05:05:41.317Z"}
{"level":"info","message":"example app listening! Bootup complete!","timestamp":"2015-08-27T05:05:46.390Z"}
{"say":"hellooooooooooo!!","level":"info","message":"","timestamp":"2015-08-27T05:05:46.433Z"}
{"answer":50,"level":"info","message":"null","timestamp":"2015-08-27T05:05:46.459Z"}
{"answer":150,"info":"123+27","level":"info","message":"null","timestamp":"2015-08-27T05:05:46.464Z"}
{"level":"info","message":"example app listening! Bootup complete!","timestamp":"2015-08-27T05:05:52.698Z"}
{"say":"hellooooooooooo!!","level":"info","message":"","timestamp":"2015-08-27T05:05:52.740Z"}
{"answer":50,"level":"info","message":"null","timestamp":"2015-08-27T05:05:52.764Z"}
{"answer":150,"info":"123+27","level":"info","message":"null","timestamp":"2015-08-27T05:05:52.769Z"}
{"level":"info","message":"example app listening! Bootup complete!","timestamp":"2015-08-27T05:06:49.109Z"}
{"say":"hellooooooooooo!!","level":"info","message":"","timestamp":"2015-08-27T05:06:49.169Z"}
{"answer":50,"level":"info","message":"null","timestamp":"2015-08-27T05:06:49.204Z"}
{"answer":150,"info":"123+27","level":"info","message":"null","timestamp":"2015-08-27T05:06:49.212Z"}
{"level":"info","message":"example app listening! Bootup complete!","timestamp":"2015-08-27T05:07:05.485Z"}
{"say":"hellooooooooooo!!","level":"info","message":"","timestamp":"2015-08-27T05:07:05.537Z"}
{"answer":50,"level":"info","message":"null","timestamp":"2015-08-27T05:07:05.583Z"}
{"answer":150,"info":"123+27","level":"info","message":"null","timestamp":"2015-08-27T05:07:05.593Z"}
{"level":"info","message":"example app listening! Bootup complete!","timestamp":"2015-08-27T05:07:20.090Z"}
{"say":"hellooooooooooo!!","level":"info","message":"","timestamp":"2015-08-27T05:07:20.131Z"}
{"answer":50,"level":"info","message":"null","timestamp":"2015-08-27T05:07:20.155Z"}
{"answer":150,"info":"123+27","level":"info","message":"null","timestamp":"2015-08-27T05:07:20.160Z"}
{"level":"info","message":"example app listening! Bootup complete!","timestamp":"2015-08-27T05:07:38.549Z"}
{"say":"hellooooooooooo!!","level":"info","message":"","timestamp":"2015-08-27T05:07:38.594Z"}
{"answer":50,"level":"info","message":"null","timestamp":"2015-08-27T05:07:38.620Z"}
{"answer":150,"info":"123+27","level":"info","message":"null","timestamp":"2015-08-27T05:07:38.625Z"}
{"level":"info","message":"example app listening! Bootup complete!","timestamp":"2015-08-27T05:08:10.133Z"}
{"level":"info","message":"Connected to Redis!","timestamp":"2015-08-27T05:08:10.138Z"}
{"level":"info","message":"andrew","timestamp":"2015-08-27T05:08:10.153Z"}
{"say":"hellooooooooooo!!","level":"info","message":"","timestamp":"2015-08-27T05:08:10.181Z"}
{"answer":50,"level":"info","message":"null","timestamp":"2015-08-27T05:08:10.206Z"}
{"answer":150,"info":"123+27","level":"info","message":"null","timestamp":"2015-08-27T05:08:10.212Z"}
{"level":"info","message":"example app listening! Bootup complete!","timestamp":"2015-08-27T05:08:14.438Z"}
{"level":"info","message":"Connected to Redis!","timestamp":"2015-08-27T05:08:14.444Z"}
{"level":"info","message":"andrew","timestamp":"2015-08-27T05:08:14.460Z"}
{"say":"hellooooooooooo!!","level":"info","message":"","timestamp":"2015-08-27T05:08:14.486Z"}
{"answer":50,"level":"info","message":"null","timestamp":"2015-08-27T05:08:14.513Z"}
{"answer":150,"info":"123+27","level":"info","message":"null","timestamp":"2015-08-27T05:08:14.518Z"}
{"level":"info","message":"example app listening! Bootup complete!","timestamp":"2015-08-27T05:09:11.826Z"}
{"level":"info","message":"Connected to Redis!","timestamp":"2015-08-27T05:09:11.831Z"}
{"level":"info","message":"andrew","timestamp":"2015-08-27T05:09:11.847Z"}
{"say":"hellooooooooooo!!","level":"info","message":"","timestamp":"2015-08-27T05:09:11.872Z"}
{"answer":50,"level":"info","message":"null","timestamp":"2015-08-27T05:09:11.897Z"}
{"answer":150,"info":"123+27","level":"info","message":"null","timestamp":"2015-08-27T05:09:11.902Z"}
{"level":"info","message":"   example app listening! Bootup complete!","timestamp":"2015-08-27T05:11:45.991Z"}
{"level":"info","message":"   Connected to Redis!","timestamp":"2015-08-27T05:11:45.996Z"}
{"level":"info","message":"   andrew","timestamp":"2015-08-27T05:11:46.011Z"}
{"say":"hellooooooooooo!!","level":"info","message":"   ","timestamp":"2015-08-27T05:11:46.039Z"}
{"answer":50,"level":"info","message":"   null","timestamp":"2015-08-27T05:11:46.078Z"}
{"answer":150,"info":"123+27","level":"info","message":"   null","timestamp":"2015-08-27T05:11:46.083Z"}
{"level":"info","message":"example app listening! Bootup complete!","timestamp":"2015-08-27T05:11:55.411Z"}
{"level":"info","message":"Connected to Redis!","timestamp":"2015-08-27T05:11:55.416Z"}
{"level":"info","message":"andrew","timestamp":"2015-08-27T05:11:55.431Z"}
{"say":"hellooooooooooo!!","level":"info","message":"","timestamp":"2015-08-27T05:11:55.455Z"}
{"answer":50,"level":"info","message":"null","timestamp":"2015-08-27T05:11:55.480Z"}
{"answer":150,"info":"123+27","level":"info","message":"null","timestamp":"2015-08-27T05:11:55.485Z"}
{"level":"info","message":"example app listening! Bootup complete!","timestamp":"2015-08-27T05:12:00.111Z"}
{"level":"info","message":"Connected to Redis!","timestamp":"2015-08-27T05:12:00.116Z"}
{"level":"info","message":"andrew","timestamp":"2015-08-27T05:12:00.131Z"}
{"say":"hellooooooooooo!!","level":"info","message":"","timestamp":"2015-08-27T05:12:00.158Z"}
{"answer":50,"level":"info","message":"null","timestamp":"2015-08-27T05:12:00.188Z"}
{"answer":150,"info":"123+27","level":"info","message":"null","timestamp":"2015-08-27T05:12:00.194Z"}
{"level":"info","message":"example app listening! Bootup complete!","timestamp":"2015-08-27T05:12:05.459Z"}
{"level":"info","message":"Connected to Redis!","timestamp":"2015-08-27T05:12:05.464Z"}
{"level":"info","message":"andrew","timestamp":"2015-08-27T05:12:05.478Z"}
{"say":"hellooooooooooo!!","level":"info","message":"","timestamp":"2015-08-27T05:12:05.503Z"}
{"answer":50,"level":"info","message":"null","timestamp":"2015-08-27T05:12:05.530Z"}
{"answer":150,"info":"123+27","level":"info","message":"null","timestamp":"2015-08-27T05:12:05.535Z"}
{"level":"info","message":"example app listening! Bootup complete!","timestamp":"2015-08-27T05:12:12.458Z"}
{"level":"info","message":"Connected to Redis!","timestamp":"2015-08-27T05:12:12.463Z"}
{"level":"info","message":"andrew","timestamp":"2015-08-27T05:12:12.477Z"}
{"say":"hellooooooooooo!!","level":"info","message":"","timestamp":"2015-08-27T05:12:12.501Z"}
{"answer":50,"level":"info","message":"null","timestamp":"2015-08-27T05:12:12.530Z"}
{"answer":150,"info":"123+27","level":"info","message":"null","timestamp":"2015-08-27T05:12:12.535Z"}
{"level":"info","message":"example app listening! Bootup complete!","timestamp":"2015-08-27T05:12:17.585Z"}
{"level":"info","message":"Connected to Redis!","timestamp":"2015-08-27T05:12:17.590Z"}
{"level":"info","message":"andrew","timestamp":"2015-08-27T05:12:17.605Z"}
{"say":"hellooooooooooo!!","level":"info","message":"","timestamp":"2015-08-27T05:12:17.631Z"}
{"answer":50,"level":"info","message":"null","timestamp":"2015-08-27T05:12:17.656Z"}
{"answer":150,"info":"123+27","level":"info","message":"null","timestamp":"2015-08-27T05:12:17.662Z"}
{"level":"info","message":"example app listening! Bootup complete!","timestamp":"2015-08-27T05:12:52.591Z"}
{"level":"info","message":"Connected to Redis!","timestamp":"2015-08-27T05:12:52.596Z"}
{"level":"info","message":"andrew","timestamp":"2015-08-27T05:12:52.611Z"}
{"say":"hellooooooooooo!!","level":"info","message":"","timestamp":"2015-08-27T05:12:52.635Z"}
{"answer":50,"level":"info","message":"null","timestamp":"2015-08-27T05:12:52.659Z"}
{"answer":150,"info":"123+27","level":"info","message":"null","timestamp":"2015-08-27T05:12:52.664Z"}
{"level":"info","message":"example app listening! Bootup complete!","timestamp":"2015-08-27T05:12:59.777Z"}
{"level":"info","message":"Connected to Redis!","timestamp":"2015-08-27T05:12:59.781Z"}
{"level":"info","message":"andrew","timestamp":"2015-08-27T05:12:59.795Z"}
{"say":"hellooooooooooo!!","level":"info","message":"","timestamp":"2015-08-27T05:12:59.818Z"}
{"answer":50,"level":"info","message":"null","timestamp":"2015-08-27T05:12:59.842Z"}
{"answer":150,"info":"123+27","level":"info","message":"null","timestamp":"2015-08-27T05:12:59.847Z"}
{"level":"info","message":"example app listening! Bootup complete!","timestamp":"2015-08-27T05:13:10.092Z"}
{"level":"info","message":"Connected to Redis!","timestamp":"2015-08-27T05:13:10.097Z"}
{"level":"info","message":"andrew","timestamp":"2015-08-27T05:13:10.111Z"}
{"say":"hellooooooooooo!!","level":"info","message":"","timestamp":"2015-08-27T05:13:10.136Z"}
{"answer":50,"level":"info","message":"null","timestamp":"2015-08-27T05:13:10.161Z"}
{"answer":150,"info":"123+27","level":"info","message":"null","timestamp":"2015-08-27T05:13:10.166Z"}
{"level":"info","message":"example app listening! Bootup complete!","timestamp":"2015-08-27T05:14:07.513Z"}
{"level":"info","message":"Connected to Redis!","timestamp":"2015-08-27T05:14:07.518Z"}
{"level":"info","message":"andrew","timestamp":"2015-08-27T05:14:07.532Z"}
{"say":"hellooooooooooo!!","level":"info","message":"","timestamp":"2015-08-27T05:14:07.561Z"}
{"answer":50,"level":"info","message":"null","timestamp":"2015-08-27T05:14:07.599Z"}
{"answer":150,"info":"123+27","level":"info","message":"null","timestamp":"2015-08-27T05:14:07.609Z"}
{"level":"info","message":"example app listening! Bootup complete!","timestamp":"2015-08-27T05:14:42.383Z"}
{"level":"info","message":"Connected to Redis!","timestamp":"2015-08-27T05:14:42.387Z"}
{"level":"info","message":"andrew","timestamp":"2015-08-27T05:14:42.403Z"}
{"say":"hellooooooooooo!!","level":"info","message":"","timestamp":"2015-08-27T05:14:42.427Z"}
{"answer":50,"level":"info","message":"null","timestamp":"2015-08-27T05:14:42.451Z"}
{"answer":150,"info":"123+27","level":"info","message":"null","timestamp":"2015-08-27T05:14:42.457Z"}
{"level":"info","message":"example app listening! Bootup complete!","timestamp":"2015-08-27T05:14:52.722Z"}
{"level":"info","message":"Connected to Redis!","timestamp":"2015-08-27T05:14:52.726Z"}
{"level":"info","message":"andrew","timestamp":"2015-08-27T05:14:52.740Z"}
{"say":"hellooooooooooo!!","level":"info","message":"","timestamp":"2015-08-27T05:14:52.766Z"}
{"answer":50,"level":"info","message":"null","timestamp":"2015-08-27T05:14:52.789Z"}
{"answer":150,"info":"123+27","level":"info","message":"null","timestamp":"2015-08-27T05:14:52.794Z"}
{"level":"info","message":"example app listening! Bootup complete!","timestamp":"2015-08-27T05:15:40.832Z"}
{"level":"info","message":"Connected to Redis!","timestamp":"2015-08-27T05:15:40.837Z"}
{"level":"info","message":"andrew","timestamp":"2015-08-27T05:15:40.850Z"}
{"say":"hellooooooooooo!!","level":"info","message":"","timestamp":"2015-08-27T05:15:40.873Z"}
{"answer":50,"level":"info","message":"null","timestamp":"2015-08-27T05:15:40.896Z"}
{"answer":150,"info":"123+27","level":"info","message":"null","timestamp":"2015-08-27T05:15:40.901Z"}
{"level":"info","message":"example app listening! Bootup complete!","timestamp":"2015-08-27T05:15:46.033Z"}
{"level":"info","message":"Connected to Redis!","timestamp":"2015-08-27T05:15:46.041Z"}
{"level":"info","message":"andrew","timestamp":"2015-08-27T05:15:46.069Z"}
{"say":"hellooooooooooo!!","level":"info","message":"","timestamp":"2015-08-27T05:15:46.112Z"}
{"answer":50,"level":"info","message":"null","timestamp":"2015-08-27T05:15:46.157Z"}
{"answer":150,"info":"123+27","level":"info","message":"null","timestamp":"2015-08-27T05:15:46.167Z"}
{"level":"info","message":"example app listening! Bootup complete!","timestamp":"2015-08-27T05:16:19.855Z"}
{"level":"info","message":"Connected to Redis!","timestamp":"2015-08-27T05:16:19.860Z"}
{"level":"info","message":"andrew","timestamp":"2015-08-27T05:16:19.874Z"}
{"say":"hellooooooooooo!!","level":"info","message":"","timestamp":"2015-08-27T05:16:19.900Z"}
{"answer":50,"level":"info","message":"null","timestamp":"2015-08-27T05:16:19.926Z"}
{"answer":150,"info":"123+27","level":"info","message":"null","timestamp":"2015-08-27T05:16:19.931Z"}
{"level":"info","message":"example app listening! Bootup complete!","timestamp":"2015-08-27T05:17:19.213Z"}
{"level":"info","message":"Connected to Redis!","timestamp":"2015-08-27T05:17:19.217Z"}
{"level":"info","message":"andrew","timestamp":"2015-08-27T05:17:19.231Z"}
{"say":"hellooooooooooo!!","level":"info","message":"","timestamp":"2015-08-27T05:17:19.257Z"}
{"answer":50,"level":"info","message":"null","timestamp":"2015-08-27T05:17:19.285Z"}
{"answer":150,"info":"123+27","level":"info","message":"null","timestamp":"2015-08-27T05:17:19.289Z"}
{"level":"info","message":"example app listening! Bootup complete!","timestamp":"2015-08-27T05:17:21.454Z"}
{"level":"info","message":"Connected to Redis!","timestamp":"2015-08-27T05:17:21.459Z"}
{"level":"info","message":"andrew","timestamp":"2015-08-27T05:17:21.473Z"}
{"say":"hellooooooooooo!!","level":"info","message":"","timestamp":"2015-08-27T05:17:21.497Z"}
{"answer":50,"level":"info","message":"null","timestamp":"2015-08-27T05:17:21.521Z"}
{"answer":150,"info":"123+27","level":"info","message":"null","timestamp":"2015-08-27T05:17:21.526Z"}
{"level":"info","message":"example app listening! Bootup complete!","timestamp":"2015-08-27T05:17:26.488Z"}
{"level":"info","message":"Connected to Redis!","timestamp":"2015-08-27T05:17:26.494Z"}
{"level":"info","message":"andrew","timestamp":"2015-08-27T05:17:26.510Z"}
{"say":"hellooooooooooo!!","level":"info","message":"","timestamp":"2015-08-27T05:17:26.536Z"}
{"answer":50,"level":"info","message":"null","timestamp":"2015-08-27T05:17:26.564Z"}
{"answer":150,"info":"123+27","level":"info","message":"null","timestamp":"2015-08-27T05:17:26.569Z"}
{"level":"info","message":"example app listening! Bootup complete!","timestamp":"2015-08-27T05:17:34.875Z"}
{"level":"info","message":"Connected to Redis!","timestamp":"2015-08-27T05:17:34.880Z"}
{"level":"info","message":"andrew","timestamp":"2015-08-27T05:17:34.896Z"}
{"say":"hellooooooooooo!!","level":"info","message":"","timestamp":"2015-08-27T05:17:34.921Z"}
{"answer":50,"level":"info","message":"null","timestamp":"2015-08-27T05:17:34.946Z"}
{"answer":150,"info":"123+27","level":"info","message":"null","timestamp":"2015-08-27T05:17:34.953Z"}
{"cookie":{"path":"/","_expires":null,"originalMaxAge":null,"httpOnly":true},"level":"info","message":"","timestamp":"2015-08-27T05:17:36.687Z"}
{"level":"info","message":"request occurred. req.session present? true","timestamp":"2015-08-27T05:17:36.688Z"}
{"cookie":{"path":"/","_expires":null,"originalMaxAge":null,"httpOnly":true},"level":"info","message":"","timestamp":"2015-08-27T05:17:36.876Z"}
{"level":"info","message":"request occurred. req.session present? true","timestamp":"2015-08-27T05:17:36.876Z"}
{"cookie":{"path":"/","_expires":null,"originalMaxAge":null,"httpOnly":true},"level":"info","message":"","timestamp":"2015-08-27T05:17:36.937Z"}
{"level":"info","message":"request occurred. req.session present? true","timestamp":"2015-08-27T05:17:36.938Z"}
{"cookie":{"path":"/","_expires":null,"originalMaxAge":null,"httpOnly":true},"level":"info","message":"","timestamp":"2015-08-27T05:17:36.950Z"}
{"level":"info","message":"request occurred. req.session present? true","timestamp":"2015-08-27T05:17:36.950Z"}
{"cookie":{"path":"/","_expires":null,"originalMaxAge":null,"httpOnly":true},"level":"info","message":"","timestamp":"2015-08-27T05:17:37.200Z"}
{"level":"info","message":"request occurred. req.session present? true","timestamp":"2015-08-27T05:17:37.200Z"}
{"cookie":{"path":"/","_expires":null,"originalMaxAge":null,"httpOnly":true},"level":"info","message":"","timestamp":"2015-08-27T05:17:37.201Z"}
{"level":"info","message":"request occurred. req.session present? true","timestamp":"2015-08-27T05:17:37.201Z"}
{"cookie":{"path":"/","_expires":null,"originalMaxAge":null,"httpOnly":true},"level":"info","message":"","timestamp":"2015-08-27T05:17:37.201Z"}
{"level":"info","message":"request occurred. req.session present? true","timestamp":"2015-08-27T05:17:37.202Z"}
{"cookie":{"path":"/","_expires":null,"originalMaxAge":null,"httpOnly":true},"level":"info","message":"","timestamp":"2015-08-27T05:17:37.203Z"}
{"level":"info","message":"request occurred. req.session present? true","timestamp":"2015-08-27T05:17:37.203Z"}
{"cookie":{"path":"/","_expires":null,"originalMaxAge":null,"httpOnly":true},"level":"info","message":"","timestamp":"2015-08-27T05:17:39.622Z"}
{"level":"info","message":"request occurred. req.session present? true","timestamp":"2015-08-27T05:17:39.622Z"}
{"level":"info","message":"f499c10e-37da-4060-a7c7-9d1457346575","timestamp":"2015-08-27T05:17:39.630Z"}
{"level":"info","message":"OK","timestamp":"2015-08-27T05:17:39.631Z"}
{"cookie":{"path":"/","_expires":null,"originalMaxAge":null,"httpOnly":true},"return_to":"/login","username":"andrew2","isLoggedIn":true,"level":"info","message":"","timestamp":"2015-08-27T05:17:39.631Z"}
{"cookie":{"path":"/","_expires":null,"originalMaxAge":null,"httpOnly":true},"return_to":"/login","username":"andrew2","isLoggedIn":true,"level":"info","message":"","timestamp":"2015-08-27T05:17:39.743Z"}
{"level":"info","message":"request occurred. req.session present? true","timestamp":"2015-08-27T05:17:39.744Z"}
{"level":"info","message":"string","timestamp":"2015-08-27T05:17:39.745Z"}
{"level":"info","message":"true","timestamp":"2015-08-27T05:17:39.807Z"}
{"cookie":{"path":"/","_expires":null,"originalMaxAge":null,"httpOnly":true},"return_to":"/login","username":"andrew2","isLoggedIn":true,"level":"info","message":"","timestamp":"2015-08-27T05:17:39.977Z"}
{"level":"info","message":"request occurred. req.session present? true","timestamp":"2015-08-27T05:17:39.978Z"}
{"level":"info","message":"string","timestamp":"2015-08-27T05:17:39.979Z"}
{"cookie":{"path":"/","_expires":null,"originalMaxAge":null,"httpOnly":true},"return_to":"/login","username":"andrew2","isLoggedIn":true,"level":"info","message":"","timestamp":"2015-08-27T05:17:39.984Z"}
{"level":"info","message":"request occurred. req.session present? true","timestamp":"2015-08-27T05:17:39.985Z"}
{"cookie":{"path":"/","_expires":null,"originalMaxAge":null,"httpOnly":true},"return_to":"/login","username":"andrew2","isLoggedIn":true,"level":"info","message":"","timestamp":"2015-08-27T05:17:40.100Z"}
{"level":"info","message":"request occurred. req.session present? true","timestamp":"2015-08-27T05:17:40.101Z"}
{"cookie":{"path":"/","_expires":null,"originalMaxAge":null,"httpOnly":true},"return_to":"/login","username":"andrew2","isLoggedIn":true,"level":"info","message":"","timestamp":"2015-08-27T05:17:40.102Z"}
{"level":"info","message":"request occurred. req.session present? true","timestamp":"2015-08-27T05:17:40.103Z"}
{"cookie":{"path":"/","_expires":null,"originalMaxAge":null,"httpOnly":true},"return_to":"/login","username":"andrew2","isLoggedIn":true,"level":"info","message":"","timestamp":"2015-08-27T05:17:40.104Z"}
{"level":"info","message":"request occurred. req.session present? true","timestamp":"2015-08-27T05:17:40.105Z"}
{"cookie":{"path":"/","_expires":null,"originalMaxAge":null,"httpOnly":true},"return_to":"/login","username":"andrew2","isLoggedIn":true,"level":"info","message":"","timestamp":"2015-08-27T05:17:40.107Z"}
{"level":"info","message":"request occurred. req.session present? true","timestamp":"2015-08-27T05:17:40.108Z"}
{"cookie":{"path":"/","_expires":null,"originalMaxAge":null,"httpOnly":true},"return_to":"/login","username":"andrew2","isLoggedIn":true,"level":"info","message":"","timestamp":"2015-08-27T05:17:43.330Z"}
{"level":"info","message":"request occurred. req.session present? true","timestamp":"2015-08-27T05:17:43.332Z"}
{"cookie":{"path":"/","_expires":null,"originalMaxAge":null,"httpOnly":true},"return_to":"/login","username":"andrew2","isLoggedIn":true,"level":"info","message":"","timestamp":"2015-08-27T05:17:43.403Z"}
{"level":"info","message":"request occurred. req.session present? true","timestamp":"2015-08-27T05:17:43.404Z"}
{"cookie":{"path":"/","_expires":null,"originalMaxAge":null,"httpOnly":true},"return_to":"/login","username":"andrew2","isLoggedIn":true,"level":"info","message":"","timestamp":"2015-08-27T05:17:43.540Z"}
{"level":"info","message":"request occurred. req.session present? true","timestamp":"2015-08-27T05:17:43.541Z"}
{"cookie":{"path":"/","_expires":null,"originalMaxAge":null,"httpOnly":true},"return_to":"/login","username":"andrew2","isLoggedIn":true,"level":"info","message":"","timestamp":"2015-08-27T05:17:43.542Z"}
{"level":"info","message":"request occurred. req.session present? true","timestamp":"2015-08-27T05:17:43.543Z"}
{"cookie":{"path":"/","_expires":null,"originalMaxAge":null,"httpOnly":true},"return_to":"/login","username":"andrew2","isLoggedIn":true,"level":"info","message":"","timestamp":"2015-08-27T05:17:43.544Z"}
{"level":"info","message":"request occurred. req.session present? true","timestamp":"2015-08-27T05:17:43.545Z"}
{"cookie":{"path":"/","_expires":null,"originalMaxAge":null,"httpOnly":true},"return_to":"/login","username":"andrew2","isLoggedIn":true,"level":"info","message":"","timestamp":"2015-08-27T05:17:43.546Z"}
{"level":"info","message":"request occurred. req.session present? true","timestamp":"2015-08-27T05:17:43.547Z"}
{"cookie":{"path":"/","_expires":null,"originalMaxAge":null,"httpOnly":true},"return_to":"/login","username":"andrew2","isLoggedIn":true,"level":"info","message":"","timestamp":"2015-08-27T05:17:43.969Z"}
{"level":"info","message":"request occurred. req.session present? true","timestamp":"2015-08-27T05:17:43.970Z"}
{"cookie":{"path":"/","_expires":null,"originalMaxAge":null,"httpOnly":true},"return_to":"/login","username":"andrew2","isLoggedIn":true,"level":"info","message":"","timestamp":"2015-08-27T05:17:44.046Z"}
{"level":"info","message":"request occurred. req.session present? true","timestamp":"2015-08-27T05:17:44.046Z"}
{"cookie":{"path":"/","_expires":null,"originalMaxAge":null,"httpOnly":true},"return_to":"/login","username":"andrew2","isLoggedIn":true,"level":"info","message":"","timestamp":"2015-08-27T05:17:44.160Z"}
{"level":"info","message":"request occurred. req.session present? true","timestamp":"2015-08-27T05:17:44.161Z"}
{"cookie":{"path":"/","_expires":null,"originalMaxAge":null,"httpOnly":true},"return_to":"/login","username":"andrew2","isLoggedIn":true,"level":"info","message":"","timestamp":"2015-08-27T05:17:44.162Z"}
{"level":"info","message":"request occurred. req.session present? true","timestamp":"2015-08-27T05:17:44.163Z"}
{"cookie":{"path":"/","_expires":null,"originalMaxAge":null,"httpOnly":true},"return_to":"/login","username":"andrew2","isLoggedIn":true,"level":"info","message":"","timestamp":"2015-08-27T05:17:44.164Z"}
{"level":"info","message":"request occurred. req.session present? true","timestamp":"2015-08-27T05:17:44.165Z"}
{"cookie":{"path":"/","_expires":null,"originalMaxAge":null,"httpOnly":true},"return_to":"/login","username":"andrew2","isLoggedIn":true,"level":"info","message":"","timestamp":"2015-08-27T05:17:44.167Z"}
{"level":"info","message":"request occurred. req.session present? true","timestamp":"2015-08-27T05:17:44.168Z"}
{"level":"info","message":"example app listening! Bootup complete!","timestamp":"2015-08-27T05:17:52.177Z"}
{"level":"info","message":"Connected to Redis!","timestamp":"2015-08-27T05:17:52.182Z"}
{"level":"info","message":"andrew","timestamp":"2015-08-27T05:17:52.196Z"}
{"say":"hellooooooooooo!!","level":"info","message":"","timestamp":"2015-08-27T05:17:52.223Z"}
{"answer":50,"level":"info","message":"null","timestamp":"2015-08-27T05:17:52.247Z"}
{"answer":150,"info":"123+27","level":"info","message":"null","timestamp":"2015-08-27T05:17:52.252Z"}
{"cookie":{"path":"/","_expires":null,"originalMaxAge":null,"httpOnly":true},"return_to":"/login","username":"andrew2","isLoggedIn":true,"level":"info","message":"","timestamp":"2015-08-27T05:17:55.699Z"}
{"level":"info","message":"request occurred. req.session present? true","timestamp":"2015-08-27T05:17:55.699Z"}
{"level":"info","message":"09bb4e15-de23-4df0-90ff-5d464be64fb7","timestamp":"2015-08-27T05:17:55.703Z"}
{"level":"info","message":"OK","timestamp":"2015-08-27T05:17:55.704Z"}
{"cookie":{"path":"/","_expires":null,"originalMaxAge":null,"httpOnly":true},"return_to":"/login","username":"andrew2","isLoggedIn":true,"level":"info","message":"","timestamp":"2015-08-27T05:17:55.705Z"}
{"cookie":{"path":"/","_expires":null,"originalMaxAge":null,"httpOnly":true},"return_to":"/login","username":"andrew2","isLoggedIn":true,"level":"info","message":"","timestamp":"2015-08-27T05:17:55.717Z"}
{"level":"info","message":"request occurred. req.session present? true","timestamp":"2015-08-27T05:17:55.718Z"}
{"level":"info","message":"string","timestamp":"2015-08-27T05:17:55.719Z"}
{"level":"info","message":"true","timestamp":"2015-08-27T05:17:55.721Z"}
{"cookie":{"path":"/","_expires":null,"originalMaxAge":null,"httpOnly":true},"return_to":"/login","username":"andrew2","isLoggedIn":true,"level":"info","message":"","timestamp":"2015-08-27T05:17:55.873Z"}
{"level":"info","message":"request occurred. req.session present? true","timestamp":"2015-08-27T05:17:55.880Z"}
{"cookie":{"path":"/","_expires":null,"originalMaxAge":null,"httpOnly":true},"return_to":"/login","username":"andrew2","isLoggedIn":true,"level":"info","message":"","timestamp":"2015-08-27T05:17:56.017Z"}
{"level":"info","message":"request occurred. req.session present? true","timestamp":"2015-08-27T05:17:56.018Z"}
{"cookie":{"path":"/","_expires":null,"originalMaxAge":null,"httpOnly":true},"return_to":"/login","username":"andrew2","isLoggedIn":true,"level":"info","message":"","timestamp":"2015-08-27T05:17:56.020Z"}
{"level":"info","message":"request occurred. req.session present? true","timestamp":"2015-08-27T05:17:56.021Z"}
{"cookie":{"path":"/","_expires":null,"originalMaxAge":null,"httpOnly":true},"return_to":"/login","username":"andrew2","isLoggedIn":true,"level":"info","message":"","timestamp":"2015-08-27T05:17:56.023Z"}
{"level":"info","message":"request occurred. req.session present? true","timestamp":"2015-08-27T05:17:56.023Z"}
{"cookie":{"path":"/","_expires":null,"originalMaxAge":null,"httpOnly":true},"return_to":"/login","username":"andrew2","isLoggedIn":true,"level":"info","message":"","timestamp":"2015-08-27T05:17:56.028Z"}
{"level":"info","message":"request occurred. req.session present? true","timestamp":"2015-08-27T05:17:56.029Z"}
{"level":"info","message":"example app listening! Bootup complete!","timestamp":"2015-08-27T05:18:14.696Z"}
{"level":"info","message":"Connected to Redis!","timestamp":"2015-08-27T05:18:14.701Z"}
{"level":"info","message":"andrew","timestamp":"2015-08-27T05:18:14.715Z"}
{"say":"hellooooooooooo!!","level":"info","message":"","timestamp":"2015-08-27T05:18:14.740Z"}
{"answer":50,"level":"info","message":"null","timestamp":"2015-08-27T05:18:14.763Z"}
{"answer":150,"info":"123+27","level":"info","message":"null","timestamp":"2015-08-27T05:18:14.769Z"}
{"level":"info","message":"example app listening! Bootup complete!","timestamp":"2015-08-27T05:18:22.094Z"}
{"level":"info","message":"Connected to Redis!","timestamp":"2015-08-27T05:18:22.099Z"}
{"level":"info","message":"andrew","timestamp":"2015-08-27T05:18:22.112Z"}
{"say":"hellooooooooooo!!","level":"info","message":"","timestamp":"2015-08-27T05:18:22.138Z"}
{"answer":50,"level":"info","message":"null","timestamp":"2015-08-27T05:18:22.162Z"}
{"answer":150,"info":"123+27","level":"info","message":"null","timestamp":"2015-08-27T05:18:22.167Z"}
{"cookie":{"path":"/","_expires":null,"originalMaxAge":null,"httpOnly":true},"return_to":"/login","username":"andrew2","isLoggedIn":true,"level":"info","message":"","timestamp":"2015-08-27T05:18:22.633Z"}
{"level":"info","message":"request occurred. req.session present? true","timestamp":"2015-08-27T05:18:22.633Z"}
{"level":"info","message":"string","timestamp":"2015-08-27T05:18:22.635Z"}
{"level":"verbose","message":"true","timestamp":"2015-08-27T05:18:22.636Z"}
{"cookie":{"path":"/","_expires":null,"originalMaxAge":null,"httpOnly":true},"return_to":"/login","username":"andrew2","isLoggedIn":true,"level":"info","message":"","timestamp":"2015-08-27T05:18:22.789Z"}
{"level":"info","message":"request occurred. req.session present? true","timestamp":"2015-08-27T05:18:22.791Z"}
{"cookie":{"path":"/","_expires":null,"originalMaxAge":null,"httpOnly":true},"return_to":"/login","username":"andrew2","isLoggedIn":true,"level":"info","message":"","timestamp":"2015-08-27T05:18:22.962Z"}
{"level":"info","message":"request occurred. req.session present? true","timestamp":"2015-08-27T05:18:22.963Z"}
{"cookie":{"path":"/","_expires":null,"originalMaxAge":null,"httpOnly":true},"return_to":"/login","username":"andrew2","isLoggedIn":true,"level":"info","message":"","timestamp":"2015-08-27T05:18:22.963Z"}
{"level":"info","message":"request occurred. req.session present? true","timestamp":"2015-08-27T05:18:22.964Z"}
{"cookie":{"path":"/","_expires":null,"originalMaxAge":null,"httpOnly":true},"return_to":"/login","username":"andrew2","isLoggedIn":true,"level":"info","message":"","timestamp":"2015-08-27T05:18:22.965Z"}
{"level":"info","message":"request occurred. req.session present? true","timestamp":"2015-08-27T05:18:22.965Z"}
{"cookie":{"path":"/","_expires":null,"originalMaxAge":null,"httpOnly":true},"return_to":"/login","username":"andrew2","isLoggedIn":true,"level":"info","message":"","timestamp":"2015-08-27T05:18:22.974Z"}
{"level":"info","message":"request occurred. req.session present? true","timestamp":"2015-08-27T05:18:22.976Z"}
{"level":"info","message":"example app listening! Bootup complete!","timestamp":"2015-08-27T05:18:34.902Z"}
{"level":"info","message":"Connected to Redis!","timestamp":"2015-08-27T05:18:34.906Z"}
{"level":"info","message":"andrew","timestamp":"2015-08-27T05:18:34.920Z"}
{"say":"hellooooooooooo!!","level":"info","message":"","timestamp":"2015-08-27T05:18:34.945Z"}
{"answer":50,"level":"info","message":"null","timestamp":"2015-08-27T05:18:34.972Z"}
{"answer":150,"info":"123+27","level":"info","message":"null","timestamp":"2015-08-27T05:18:34.978Z"}
{"level":"info","message":"example app listening! Bootup complete!","timestamp":"2015-08-27T05:18:38.339Z"}
{"level":"info","message":"Connected to Redis!","timestamp":"2015-08-27T05:18:38.343Z"}
{"level":"info","message":"andrew","timestamp":"2015-08-27T05:18:38.357Z"}
{"say":"hellooooooooooo!!","level":"info","message":"","timestamp":"2015-08-27T05:18:38.381Z"}
{"answer":50,"level":"info","message":"null","timestamp":"2015-08-27T05:18:38.404Z"}
{"answer":150,"info":"123+27","level":"info","message":"null","timestamp":"2015-08-27T05:18:38.409Z"}
{"level":"info","message":"example app listening! Bootup complete!","timestamp":"2015-08-27T05:19:02.585Z"}
{"level":"info","message":"Connected to Redis!","timestamp":"2015-08-27T05:19:02.590Z"}
{"level":"info","message":"andrew","timestamp":"2015-08-27T05:19:02.606Z"}
{"say":"hellooooooooooo!!","level":"info","message":"","timestamp":"2015-08-27T05:19:02.634Z"}
{"answer":50,"level":"info","message":"null","timestamp":"2015-08-27T05:19:02.662Z"}
{"answer":150,"info":"123+27","level":"info","message":"null","timestamp":"2015-08-27T05:19:02.671Z"}
{"level":"info","message":"example app listening! Bootup complete!","timestamp":"2015-08-27T05:19:10.808Z"}
{"level":"info","message":"Connected to Redis!","timestamp":"2015-08-27T05:19:10.812Z"}
{"level":"info","message":"andrew","timestamp":"2015-08-27T05:19:10.826Z"}
{"say":"hellooooooooooo!!","level":"info","message":"","timestamp":"2015-08-27T05:19:10.852Z"}
{"answer":50,"level":"info","message":"null","timestamp":"2015-08-27T05:19:10.876Z"}
{"answer":150,"info":"123+27","level":"info","message":"null","timestamp":"2015-08-27T05:19:10.881Z"}
{"level":"info","message":"example app listening! Bootup complete!","timestamp":"2015-08-27T05:19:25.076Z"}
{"level":"info","message":"Connected to Redis!","timestamp":"2015-08-27T05:19:25.080Z"}
{"level":"info","message":"andrew","timestamp":"2015-08-27T05:19:25.094Z"}
{"say":"hellooooooooooo!!","level":"info","message":"","timestamp":"2015-08-27T05:19:25.117Z"}
{"answer":50,"level":"info","message":"null","timestamp":"2015-08-27T05:19:25.140Z"}
{"answer":150,"info":"123+27","level":"info","message":"null","timestamp":"2015-08-27T05:19:25.145Z"}
{"cookie":{"path":"/","_expires":null,"originalMaxAge":null,"httpOnly":true},"return_to":"/login","username":"andrew2","isLoggedIn":true,"level":"info","message":"","timestamp":"2015-08-27T05:19:26.010Z"}
{"level":"info","message":"request occurred. req.session present? true","timestamp":"2015-08-27T05:19:26.011Z"}
{"level":"info","message":"string","timestamp":"2015-08-27T05:19:26.012Z"}
{"level":"verbose","message":"true","timestamp":"2015-08-27T05:19:26.013Z"}
{"cookie":{"path":"/","_expires":null,"originalMaxAge":null,"httpOnly":true},"return_to":"/login","username":"andrew2","isLoggedIn":true,"level":"info","message":"","timestamp":"2015-08-27T05:19:26.144Z"}
{"level":"info","message":"request occurred. req.session present? true","timestamp":"2015-08-27T05:19:26.145Z"}
{"cookie":{"path":"/","_expires":null,"originalMaxAge":null,"httpOnly":true},"return_to":"/login","username":"andrew2","isLoggedIn":true,"level":"info","message":"","timestamp":"2015-08-27T05:19:26.271Z"}
{"level":"info","message":"request occurred. req.session present? true","timestamp":"2015-08-27T05:19:26.272Z"}
{"cookie":{"path":"/","_expires":null,"originalMaxAge":null,"httpOnly":true},"return_to":"/login","username":"andrew2","isLoggedIn":true,"level":"info","message":"","timestamp":"2015-08-27T05:19:26.273Z"}
{"level":"info","message":"request occurred. req.session present? true","timestamp":"2015-08-27T05:19:26.274Z"}
{"cookie":{"path":"/","_expires":null,"originalMaxAge":null,"httpOnly":true},"return_to":"/login","username":"andrew2","isLoggedIn":true,"level":"info","message":"","timestamp":"2015-08-27T05:19:26.276Z"}
{"level":"info","message":"request occurred. req.session present? true","timestamp":"2015-08-27T05:19:26.277Z"}
{"cookie":{"path":"/","_expires":null,"originalMaxAge":null,"httpOnly":true},"return_to":"/login","username":"andrew2","isLoggedIn":true,"level":"info","message":"","timestamp":"2015-08-27T05:19:26.282Z"}
{"level":"info","message":"request occurred. req.session present? true","timestamp":"2015-08-27T05:19:26.283Z"}
{"level":"info","message":"example app listening! Bootup complete!","timestamp":"2015-08-27T05:19:30.389Z"}
{"level":"info","message":"Connected to Redis!","timestamp":"2015-08-27T05:19:30.394Z"}
{"level":"info","message":"andrew","timestamp":"2015-08-27T05:19:30.408Z"}
{"say":"hellooooooooooo!!","level":"info","message":"","timestamp":"2015-08-27T05:19:30.434Z"}
{"answer":50,"level":"info","message":"null","timestamp":"2015-08-27T05:19:30.462Z"}
{"answer":150,"info":"123+27","level":"info","message":"null","timestamp":"2015-08-27T05:19:30.467Z"}
{"level":"info","message":"example app listening! Bootup complete!","timestamp":"2015-08-27T05:20:01.022Z"}
{"level":"info","message":"Connected to Redis!","timestamp":"2015-08-27T05:20:01.027Z"}
{"level":"info","message":"andrew","timestamp":"2015-08-27T05:20:01.040Z"}
{"say":"hellooooooooooo!!","level":"info","message":"","timestamp":"2015-08-27T05:20:01.063Z"}
{"answer":50,"level":"info","message":"null","timestamp":"2015-08-27T05:20:01.085Z"}
{"answer":150,"info":"123+27","level":"info","message":"null","timestamp":"2015-08-27T05:20:01.090Z"}
{"level":"info","message":"example app listening! Bootup complete!","timestamp":"2015-08-27T05:20:10.297Z"}
{"level":"info","message":"Connected to Redis!","timestamp":"2015-08-27T05:20:10.302Z"}
{"level":"info","message":"andrew","timestamp":"2015-08-27T05:20:10.316Z"}
{"say":"hellooooooooooo!!","level":"info","message":"","timestamp":"2015-08-27T05:20:10.337Z"}
{"answer":50,"level":"info","message":"null","timestamp":"2015-08-27T05:20:10.359Z"}
{"answer":150,"info":"123+27","level":"info","message":"null","timestamp":"2015-08-27T05:20:10.364Z"}
{"level":"info","message":"example app listening! Bootup complete!","timestamp":"2015-08-27T05:20:32.031Z"}
{"level":"info","message":"Connected to Redis!","timestamp":"2015-08-27T05:20:32.036Z"}
{"level":"info","message":"andrew","timestamp":"2015-08-27T05:20:32.049Z"}
{"say":"hellooooooooooo!!","level":"info","message":"","timestamp":"2015-08-27T05:20:32.072Z"}
{"answer":50,"level":"info","message":"null","timestamp":"2015-08-27T05:20:32.093Z"}
{"answer":150,"info":"123+27","level":"info","message":"null","timestamp":"2015-08-27T05:20:32.098Z"}
{"cookie":{"path":"/","_expires":null,"originalMaxAge":null,"httpOnly":true},"return_to":"/login","username":"andrew2","isLoggedIn":true,"level":"info","message":"","timestamp":"2015-08-27T05:20:34.376Z"}
{"level":"info","message":"request occurred. req.session present? true","timestamp":"2015-08-27T05:20:34.378Z"}
{"level":"info","message":"string","timestamp":"2015-08-27T05:20:34.380Z"}
{"level":"verbose","message":"true","timestamp":"2015-08-27T05:20:34.383Z"}
{"cookie":{"path":"/","_expires":null,"originalMaxAge":null,"httpOnly":true},"return_to":"/login","username":"andrew2","isLoggedIn":true,"level":"info","message":"","timestamp":"2015-08-27T05:20:34.507Z"}
{"level":"info","message":"request occurred. req.session present? true","timestamp":"2015-08-27T05:20:34.508Z"}
{"cookie":{"path":"/","_expires":null,"originalMaxAge":null,"httpOnly":true},"return_to":"/login","username":"andrew2","isLoggedIn":true,"level":"info","message":"","timestamp":"2015-08-27T05:20:34.631Z"}
{"level":"info","message":"request occurred. req.session present? true","timestamp":"2015-08-27T05:20:34.631Z"}
{"cookie":{"path":"/","_expires":null,"originalMaxAge":null,"httpOnly":true},"return_to":"/login","username":"andrew2","isLoggedIn":true,"level":"info","message":"","timestamp":"2015-08-27T05:20:34.632Z"}
{"level":"info","message":"request occurred. req.session present? true","timestamp":"2015-08-27T05:20:34.632Z"}
{"cookie":{"path":"/","_expires":null,"originalMaxAge":null,"httpOnly":true},"return_to":"/login","username":"andrew2","isLoggedIn":true,"level":"info","message":"","timestamp":"2015-08-27T05:20:34.633Z"}
{"level":"info","message":"request occurred. req.session present? true","timestamp":"2015-08-27T05:20:34.633Z"}
{"cookie":{"path":"/","_expires":null,"originalMaxAge":null,"httpOnly":true},"return_to":"/login","username":"andrew2","isLoggedIn":true,"level":"info","message":"","timestamp":"2015-08-27T05:20:34.637Z"}
{"level":"info","message":"request occurred. req.session present? true","timestamp":"2015-08-27T05:20:34.639Z"}
{"level":"info","message":"example app listening! Bootup complete!","timestamp":"2015-08-27T05:23:10.825Z"}
{"level":"info","message":"Connected to Redis!","timestamp":"2015-08-27T05:23:10.832Z"}
{"level":"info","message":"andrew","timestamp":"2015-08-27T05:23:10.852Z"}
{"say":"hellooooooooooo!!","level":"info","message":"","timestamp":"2015-08-27T05:23:10.881Z"}
{"answer":50,"level":"info","message":"null","timestamp":"2015-08-27T05:23:10.915Z"}
{"answer":150,"info":"123+27","level":"info","message":"null","timestamp":"2015-08-27T05:23:10.921Z"}
{"cookie":{"path":"/","_expires":null,"originalMaxAge":null,"httpOnly":true},"return_to":"/login","username":"andrew2","isLoggedIn":true,"level":"info","message":"","timestamp":"2015-08-27T05:23:12.095Z"}
{"level":"info","message":"request occurred. req.session present? true","timestamp":"2015-08-27T05:23:12.096Z"}
{"level":"info","message":"string","timestamp":"2015-08-27T05:23:12.097Z"}
{"level":"verbose","message":"true","timestamp":"2015-08-27T05:23:12.098Z"}
{"cookie":{"path":"/","_expires":null,"originalMaxAge":null,"httpOnly":true},"return_to":"/login","username":"andrew2","isLoggedIn":true,"level":"info","message":"","timestamp":"2015-08-27T05:23:12.224Z"}
{"level":"info","message":"request occurred. req.session present? true","timestamp":"2015-08-27T05:23:12.225Z"}
{"cookie":{"path":"/","_expires":null,"originalMaxAge":null,"httpOnly":true},"return_to":"/login","username":"andrew2","isLoggedIn":true,"level":"info","message":"","timestamp":"2015-08-27T05:23:12.357Z"}
{"level":"info","message":"request occurred. req.session present? true","timestamp":"2015-08-27T05:23:12.358Z"}
{"cookie":{"path":"/","_expires":null,"originalMaxAge":null,"httpOnly":true},"return_to":"/login","username":"andrew2","isLoggedIn":true,"level":"info","message":"","timestamp":"2015-08-27T05:23:12.360Z"}
{"level":"info","message":"request occurred. req.session present? true","timestamp":"2015-08-27T05:23:12.361Z"}
{"cookie":{"path":"/","_expires":null,"originalMaxAge":null,"httpOnly":true},"return_to":"/login","username":"andrew2","isLoggedIn":true,"level":"info","message":"","timestamp":"2015-08-27T05:23:12.362Z"}
{"level":"info","message":"request occurred. req.session present? true","timestamp":"2015-08-27T05:23:12.363Z"}
{"cookie":{"path":"/","_expires":null,"originalMaxAge":null,"httpOnly":true},"return_to":"/login","username":"andrew2","isLoggedIn":true,"level":"info","message":"","timestamp":"2015-08-27T05:23:12.366Z"}
{"level":"info","message":"request occurred. req.session present? true","timestamp":"2015-08-27T05:23:12.371Z"}
{"level":"info","message":"example app listening! Bootup complete!","timestamp":"2015-08-27T05:23:40.299Z"}
{"level":"info","message":"Connected to Redis!","timestamp":"2015-08-27T05:23:40.304Z"}
{"level":"info","message":"andrew","timestamp":"2015-08-27T05:23:40.318Z"}
{"say":"hellooooooooooo!!","level":"info","message":"","timestamp":"2015-08-27T05:23:40.341Z"}
{"answer":50,"level":"info","message":"null","timestamp":"2015-08-27T05:23:40.363Z"}
{"answer":150,"info":"123+27","level":"info","message":"null","timestamp":"2015-08-27T05:23:40.369Z"}
{"cookie":{"path":"/","_expires":null,"originalMaxAge":null,"httpOnly":true},"return_to":"/login","username":"andrew2","isLoggedIn":true,"level":"info","message":"","timestamp":"2015-08-27T05:23:44.122Z"}
{"level":"info","message":"request occurred. req.session present? true","timestamp":"2015-08-27T05:23:44.123Z"}
{"cookie":{"path":"/","_expires":null,"originalMaxAge":null,"httpOnly":true},"return_to":"/login","username":"andrew2","isLoggedIn":true,"level":"info","message":"","timestamp":"2015-08-27T05:23:44.376Z"}
{"level":"info","message":"request occurred. req.session present? true","timestamp":"2015-08-27T05:23:44.376Z"}
{"cookie":{"path":"/","_expires":null,"originalMaxAge":null,"httpOnly":true},"return_to":"/login","username":"andrew2","isLoggedIn":true,"level":"info","message":"","timestamp":"2015-08-27T05:23:44.377Z"}
{"level":"info","message":"request occurred. req.session present? true","timestamp":"2015-08-27T05:23:44.377Z"}
{"cookie":{"path":"/","_expires":null,"originalMaxAge":null,"httpOnly":true},"return_to":"/login","username":"andrew2","isLoggedIn":true,"level":"info","message":"","timestamp":"2015-08-27T05:23:44.378Z"}
{"level":"info","message":"request occurred. req.session present? true","timestamp":"2015-08-27T05:23:44.378Z"}
{"cookie":{"path":"/","_expires":null,"originalMaxAge":null,"httpOnly":true},"return_to":"/login","username":"andrew2","isLoggedIn":true,"level":"info","message":"","timestamp":"2015-08-27T05:23:44.381Z"}
{"level":"info","message":"request occurred. req.session present? true","timestamp":"2015-08-27T05:23:44.382Z"}
{"cookie":{"path":"/","_expires":null,"originalMaxAge":null,"httpOnly":true},"return_to":"/login","username":"andrew2","isLoggedIn":true,"level":"info","message":"","timestamp":"2015-08-27T05:23:44.821Z"}
{"level":"info","message":"request occurred. req.session present? true","timestamp":"2015-08-27T05:23:44.823Z"}
{"cookie":{"path":"/","_expires":null,"originalMaxAge":null,"httpOnly":true},"return_to":"/login","username":"andrew2","isLoggedIn":true,"level":"info","message":"","timestamp":"2015-08-27T05:23:44.910Z"}
{"level":"info","message":"request occurred. req.session present? true","timestamp":"2015-08-27T05:23:44.911Z"}
{"cookie":{"path":"/","_expires":null,"originalMaxAge":null,"httpOnly":true},"return_to":"/login","username":"andrew2","isLoggedIn":true,"level":"info","message":"","timestamp":"2015-08-27T05:23:45.078Z"}
{"level":"info","message":"request occurred. req.session present? true","timestamp":"2015-08-27T05:23:45.079Z"}
{"cookie":{"path":"/","_expires":null,"originalMaxAge":null,"httpOnly":true},"return_to":"/login","username":"andrew2","isLoggedIn":true,"level":"info","message":"","timestamp":"2015-08-27T05:23:45.080Z"}
{"level":"info","message":"request occurred. req.session present? true","timestamp":"2015-08-27T05:23:45.080Z"}
{"cookie":{"path":"/","_expires":null,"originalMaxAge":null,"httpOnly":true},"return_to":"/login","username":"andrew2","isLoggedIn":true,"level":"info","message":"","timestamp":"2015-08-27T05:23:45.091Z"}
{"level":"info","message":"request occurred. req.session present? true","timestamp":"2015-08-27T05:23:45.092Z"}
{"cookie":{"path":"/","_expires":null,"originalMaxAge":null,"httpOnly":true},"return_to":"/login","username":"andrew2","isLoggedIn":true,"level":"info","message":"","timestamp":"2015-08-27T05:23:45.092Z"}
{"level":"info","message":"request occurred. req.session present? true","timestamp":"2015-08-27T05:23:45.092Z"}
{"cookie":{"path":"/","_expires":null,"originalMaxAge":null,"httpOnly":true},"return_to":"/login","username":"andrew2","isLoggedIn":true,"level":"info","message":"","timestamp":"2015-08-27T05:23:47.297Z"}
{"level":"info","message":"request occurred. req.session present? true","timestamp":"2015-08-27T05:23:47.298Z"}
{"cookie":{"path":"/","_expires":null,"originalMaxAge":null,"httpOnly":true},"return_to":"/login","username":"andrew2","isLoggedIn":true,"level":"info","message":"","timestamp":"2015-08-27T05:23:47.380Z"}
{"level":"info","message":"request occurred. req.session present? true","timestamp":"2015-08-27T05:23:47.381Z"}
{"cookie":{"path":"/","_expires":null,"originalMaxAge":null,"httpOnly":true},"return_to":"/login","username":"andrew2","isLoggedIn":true,"level":"info","message":"","timestamp":"2015-08-27T05:23:47.524Z"}
{"level":"info","message":"request occurred. req.session present? true","timestamp":"2015-08-27T05:23:47.524Z"}
{"cookie":{"path":"/","_expires":null,"originalMaxAge":null,"httpOnly":true},"return_to":"/login","username":"andrew2","isLoggedIn":true,"level":"info","message":"","timestamp":"2015-08-27T05:23:47.525Z"}
{"level":"info","message":"request occurred. req.session present? true","timestamp":"2015-08-27T05:23:47.525Z"}
{"cookie":{"path":"/","_expires":null,"originalMaxAge":null,"httpOnly":true},"return_to":"/login","username":"andrew2","isLoggedIn":true,"level":"info","message":"","timestamp":"2015-08-27T05:23:47.529Z"}
{"level":"info","message":"request occurred. req.session present? true","timestamp":"2015-08-27T05:23:47.530Z"}
{"cookie":{"path":"/","_expires":null,"originalMaxAge":null,"httpOnly":true},"return_to":"/login","username":"andrew2","isLoggedIn":true,"level":"info","message":"","timestamp":"2015-08-27T05:23:47.532Z"}
{"level":"info","message":"request occurred. req.session present? true","timestamp":"2015-08-27T05:23:47.533Z"}
{"cookie":{"path":"/","_expires":null,"originalMaxAge":null,"httpOnly":true},"return_to":"/login","username":"andrew2","isLoggedIn":true,"level":"info","message":"","timestamp":"2015-08-27T05:23:49.299Z"}
{"level":"info","message":"request occurred. req.session present? true","timestamp":"2015-08-27T05:23:49.300Z"}
{"cookie":{"path":"/","_expires":null,"originalMaxAge":null,"httpOnly":true},"return_to":"/login","username":"andrew2","isLoggedIn":true,"level":"info","message":"","timestamp":"2015-08-27T05:23:49.438Z"}
{"level":"info","message":"request occurred. req.session present? true","timestamp":"2015-08-27T05:23:49.439Z"}
{"cookie":{"path":"/","_expires":null,"originalMaxAge":null,"httpOnly":true},"return_to":"/login","username":"andrew2","isLoggedIn":true,"level":"info","message":"","timestamp":"2015-08-27T05:23:49.535Z"}
{"level":"info","message":"request occurred. req.session present? true","timestamp":"2015-08-27T05:23:49.536Z"}
{"cookie":{"path":"/","_expires":null,"originalMaxAge":null,"httpOnly":true},"return_to":"/login","username":"andrew2","isLoggedIn":true,"level":"info","message":"","timestamp":"2015-08-27T05:23:49.549Z"}
{"level":"info","message":"request occurred. req.session present? true","timestamp":"2015-08-27T05:23:49.549Z"}
{"cookie":{"path":"/","_expires":null,"originalMaxAge":null,"httpOnly":true},"return_to":"/login","username":"andrew2","isLoggedIn":true,"level":"info","message":"","timestamp":"2015-08-27T05:23:49.551Z"}
{"level":"info","message":"request occurred. req.session present? true","timestamp":"2015-08-27T05:23:49.551Z"}
{"cookie":{"path":"/","_expires":null,"originalMaxAge":null,"httpOnly":true},"return_to":"/login","username":"andrew2","isLoggedIn":true,"level":"info","message":"","timestamp":"2015-08-27T05:23:49.552Z"}
{"level":"info","message":"request occurred. req.session present? true","timestamp":"2015-08-27T05:23:49.553Z"}
{"cookie":{"path":"/","_expires":null,"originalMaxAge":null,"httpOnly":true},"return_to":"/login","username":"andrew2","isLoggedIn":true,"level":"info","message":"","timestamp":"2015-08-27T05:23:50.734Z"}
{"level":"info","message":"request occurred. req.session present? true","timestamp":"2015-08-27T05:23:50.735Z"}
{"level":"verbose","message":"d7d66a42-fd6b-48ad-b613-6c4fd1cc693c","timestamp":"2015-08-27T05:23:50.740Z"}
{"level":"silly","message":"OK","timestamp":"2015-08-27T05:23:50.741Z"}
{"cookie":{"path":"/","_expires":null,"originalMaxAge":null,"httpOnly":true},"return_to":"/login","username":"andrew2","isLoggedIn":true,"level":"silly","message":"","timestamp":"2015-08-27T05:23:50.742Z"}
{"cookie":{"path":"/","_expires":null,"originalMaxAge":null,"httpOnly":true},"return_to":"/login","username":"andrew2","isLoggedIn":true,"level":"info","message":"","timestamp":"2015-08-27T05:23:50.749Z"}
{"level":"info","message":"request occurred. req.session present? true","timestamp":"2015-08-27T05:23:50.750Z"}
{"level":"info","message":"string","timestamp":"2015-08-27T05:23:50.751Z"}
{"level":"verbose","message":"true","timestamp":"2015-08-27T05:23:50.752Z"}
{"cookie":{"path":"/","_expires":null,"originalMaxAge":null,"httpOnly":true},"return_to":"/login","username":"andrew2","isLoggedIn":true,"level":"info","message":"","timestamp":"2015-08-27T05:23:50.863Z"}
{"level":"info","message":"request occurred. req.session present? true","timestamp":"2015-08-27T05:23:50.864Z"}
{"cookie":{"path":"/","_expires":null,"originalMaxAge":null,"httpOnly":true},"return_to":"/login","username":"andrew2","isLoggedIn":true,"level":"info","message":"","timestamp":"2015-08-27T05:23:50.986Z"}
{"level":"info","message":"request occurred. req.session present? true","timestamp":"2015-08-27T05:23:50.987Z"}
{"cookie":{"path":"/","_expires":null,"originalMaxAge":null,"httpOnly":true},"return_to":"/login","username":"andrew2","isLoggedIn":true,"level":"info","message":"","timestamp":"2015-08-27T05:23:50.988Z"}
{"level":"info","message":"request occurred. req.session present? true","timestamp":"2015-08-27T05:23:50.989Z"}
{"cookie":{"path":"/","_expires":null,"originalMaxAge":null,"httpOnly":true},"return_to":"/login","username":"andrew2","isLoggedIn":true,"level":"info","message":"","timestamp":"2015-08-27T05:23:50.990Z"}
{"level":"info","message":"request occurred. req.session present? true","timestamp":"2015-08-27T05:23:50.992Z"}
{"cookie":{"path":"/","_expires":null,"originalMaxAge":null,"httpOnly":true},"return_to":"/login","username":"andrew2","isLoggedIn":true,"level":"info","message":"","timestamp":"2015-08-27T05:23:50.992Z"}
{"level":"info","message":"request occurred. req.session present? true","timestamp":"2015-08-27T05:23:50.993Z"}
{"cookie":{"path":"/","_expires":null,"originalMaxAge":null,"httpOnly":true},"return_to":"/login","username":"andrew2","isLoggedIn":true,"level":"info","message":"","timestamp":"2015-08-27T05:23:51.789Z"}
{"level":"info","message":"request occurred. req.session present? true","timestamp":"2015-08-27T05:23:51.789Z"}
{"level":"info","message":"string","timestamp":"2015-08-27T05:23:51.790Z"}
{"level":"verbose","message":"true","timestamp":"2015-08-27T05:23:51.791Z"}
{"cookie":{"path":"/","_expires":null,"originalMaxAge":null,"httpOnly":true},"return_to":"/login","username":"andrew2","isLoggedIn":true,"level":"info","message":"","timestamp":"2015-08-27T05:23:51.878Z"}
{"level":"info","message":"request occurred. req.session present? true","timestamp":"2015-08-27T05:23:51.879Z"}
{"cookie":{"path":"/","_expires":null,"originalMaxAge":null,"httpOnly":true},"return_to":"/login","username":"andrew2","isLoggedIn":true,"level":"info","message":"","timestamp":"2015-08-27T05:23:52.003Z"}
{"level":"info","message":"request occurred. req.session present? true","timestamp":"2015-08-27T05:23:52.006Z"}
{"cookie":{"path":"/","_expires":null,"originalMaxAge":null,"httpOnly":true},"return_to":"/login","username":"andrew2","isLoggedIn":true,"level":"info","message":"","timestamp":"2015-08-27T05:23:52.012Z"}
{"level":"info","message":"request occurred. req.session present? true","timestamp":"2015-08-27T05:23:52.013Z"}
{"cookie":{"path":"/","_expires":null,"originalMaxAge":null,"httpOnly":true},"return_to":"/login","username":"andrew2","isLoggedIn":true,"level":"info","message":"","timestamp":"2015-08-27T05:23:52.014Z"}
{"level":"info","message":"request occurred. req.session present? true","timestamp":"2015-08-27T05:23:52.015Z"}
{"cookie":{"path":"/","_expires":null,"originalMaxAge":null,"httpOnly":true},"return_to":"/login","username":"andrew2","isLoggedIn":true,"level":"info","message":"","timestamp":"2015-08-27T05:23:52.016Z"}
{"level":"info","message":"request occurred. req.session present? true","timestamp":"2015-08-27T05:23:52.016Z"}
{"level":"info","message":"example app listening! Bootup complete!","timestamp":"2015-08-27T05:25:24.373Z"}
{"level":"info","message":"Connected to Redis!","timestamp":"2015-08-27T05:25:24.378Z"}
{"level":"verbose","message":"andrew","timestamp":"2015-08-27T05:25:24.392Z"}
{"say":"hellooooooooooo!!","level":"info","message":"","timestamp":"2015-08-27T05:25:24.415Z"}
{"answer":50,"level":"info","message":"null","timestamp":"2015-08-27T05:25:24.442Z"}
{"answer":150,"info":"123+27","level":"info","message":"null","timestamp":"2015-08-27T05:25:24.447Z"}
{"cookie":{"path":"/","_expires":null,"originalMaxAge":null,"httpOnly":true},"return_to":"/login","username":"andrew2","isLoggedIn":true,"level":"info","message":"","timestamp":"2015-08-27T05:25:27.018Z"}
{"level":"info","message":"request occurred. req.session present? true","timestamp":"2015-08-27T05:25:27.019Z"}
{"level":"info","message":"string","timestamp":"2015-08-27T05:25:27.021Z"}
{"level":"verbose","message":"true","timestamp":"2015-08-27T05:25:27.022Z"}
{"cookie":{"path":"/","_expires":null,"originalMaxAge":null,"httpOnly":true},"return_to":"/login","username":"andrew2","isLoggedIn":true,"level":"info","message":"","timestamp":"2015-08-27T05:25:27.149Z"}
{"level":"info","message":"request occurred. req.session present? true","timestamp":"2015-08-27T05:25:27.149Z"}
{"cookie":{"path":"/","_expires":null,"originalMaxAge":null,"httpOnly":true},"return_to":"/login","username":"andrew2","isLoggedIn":true,"level":"info","message":"","timestamp":"2015-08-27T05:25:27.323Z"}
{"level":"info","message":"request occurred. req.session present? true","timestamp":"2015-08-27T05:25:27.323Z"}
{"cookie":{"path":"/","_expires":null,"originalMaxAge":null,"httpOnly":true},"return_to":"/login","username":"andrew2","isLoggedIn":true,"level":"info","message":"","timestamp":"2015-08-27T05:25:27.324Z"}
{"level":"info","message":"request occurred. req.session present? true","timestamp":"2015-08-27T05:25:27.325Z"}
{"cookie":{"path":"/","_expires":null,"originalMaxAge":null,"httpOnly":true},"return_to":"/login","username":"andrew2","isLoggedIn":true,"level":"info","message":"","timestamp":"2015-08-27T05:25:27.325Z"}
{"level":"info","message":"request occurred. req.session present? true","timestamp":"2015-08-27T05:25:27.326Z"}
{"cookie":{"path":"/","_expires":null,"originalMaxAge":null,"httpOnly":true},"return_to":"/login","username":"andrew2","isLoggedIn":true,"level":"info","message":"","timestamp":"2015-08-27T05:25:27.329Z"}
{"level":"info","message":"request occurred. req.session present? true","timestamp":"2015-08-27T05:25:27.331Z"}
{"level":"info","message":"example app listening! Bootup complete!","timestamp":"2015-08-27T05:25:31.537Z"}
{"level":"info","message":"Connected to Redis!","timestamp":"2015-08-27T05:25:31.541Z"}
{"level":"verbose","message":"andrew","timestamp":"2015-08-27T05:25:31.555Z"}
{"say":"hellooooooooooo!!","level":"info","message":"","timestamp":"2015-08-27T05:25:31.578Z"}
{"answer":50,"level":"info","message":"null","timestamp":"2015-08-27T05:25:31.601Z"}
{"answer":150,"info":"123+27","level":"info","message":"null","timestamp":"2015-08-27T05:25:31.606Z"}
{"level":"info","message":"example app listening! Bootup complete!","timestamp":"2015-08-27T05:25:56.140Z"}
{"level":"info","message":"Connected to Redis!","timestamp":"2015-08-27T05:25:56.145Z"}
{"level":"verbose","message":"andrew","timestamp":"2015-08-27T05:25:56.162Z"}
{"say":"hellooooooooooo!!","level":"info","message":"","timestamp":"2015-08-27T05:25:56.193Z"}
{"answer":50,"level":"info","message":"null","timestamp":"2015-08-27T05:25:56.226Z"}
{"answer":150,"info":"123+27","level":"info","message":"null","timestamp":"2015-08-27T05:25:56.233Z"}
{"cookie":{"path":"/","_expires":null,"originalMaxAge":null,"httpOnly":true},"return_to":"/login","username":"andrew2","isLoggedIn":true,"level":"debug","message":"","timestamp":"2015-08-27T05:25:57.926Z"}
{"level":"debug","message":"request occurred. req.session present? true","timestamp":"2015-08-27T05:25:57.927Z"}
{"level":"info","message":"string","timestamp":"2015-08-27T05:25:57.929Z"}
{"level":"verbose","message":"true","timestamp":"2015-08-27T05:25:57.930Z"}
{"cookie":{"path":"/","_expires":null,"originalMaxAge":null,"httpOnly":true},"return_to":"/login","username":"andrew2","isLoggedIn":true,"level":"debug","message":"","timestamp":"2015-08-27T05:25:58.069Z"}
{"level":"debug","message":"request occurred. req.session present? true","timestamp":"2015-08-27T05:25:58.069Z"}
{"cookie":{"path":"/","_expires":null,"originalMaxAge":null,"httpOnly":true},"return_to":"/login","username":"andrew2","isLoggedIn":true,"level":"debug","message":"","timestamp":"2015-08-27T05:25:58.232Z"}
{"level":"debug","message":"request occurred. req.session present? true","timestamp":"2015-08-27T05:25:58.232Z"}
{"cookie":{"path":"/","_expires":null,"originalMaxAge":null,"httpOnly":true},"return_to":"/login","username":"andrew2","isLoggedIn":true,"level":"debug","message":"","timestamp":"2015-08-27T05:25:58.232Z"}
{"level":"debug","message":"request occurred. req.session present? true","timestamp":"2015-08-27T05:25:58.233Z"}
{"cookie":{"path":"/","_expires":null,"originalMaxAge":null,"httpOnly":true},"return_to":"/login","username":"andrew2","isLoggedIn":true,"level":"debug","message":"","timestamp":"2015-08-27T05:25:58.233Z"}
{"level":"debug","message":"request occurred. req.session present? true","timestamp":"2015-08-27T05:25:58.233Z"}
{"cookie":{"path":"/","_expires":null,"originalMaxAge":null,"httpOnly":true},"return_to":"/login","username":"andrew2","isLoggedIn":true,"level":"debug","message":"","timestamp":"2015-08-27T05:25:58.236Z"}
{"level":"debug","message":"request occurred. req.session present? true","timestamp":"2015-08-27T05:25:58.237Z"}
{"level":"info","message":"example app listening! Bootup complete!","timestamp":"2015-08-27T05:26:14.715Z"}
{"level":"info","message":"Connected to Redis!","timestamp":"2015-08-27T05:26:14.720Z"}
{"level":"verbose","message":"andrew","timestamp":"2015-08-27T05:26:14.735Z"}
{"say":"hellooooooooooo!!","level":"info","message":"","timestamp":"2015-08-27T05:26:14.760Z"}
{"answer":50,"level":"info","message":"null","timestamp":"2015-08-27T05:26:14.787Z"}
{"answer":150,"info":"123+27","level":"info","message":"null","timestamp":"2015-08-27T05:26:14.792Z"}
{"cookie":{"path":"/","_expires":null,"originalMaxAge":null,"httpOnly":true},"return_to":"/login","username":"andrew2","isLoggedIn":true,"level":"debug","message":"","timestamp":"2015-08-27T05:26:16.169Z"}
{"level":"debug","message":"request occurred. req.session present? true","timestamp":"2015-08-27T05:26:16.170Z"}
{"level":"info","message":"string","timestamp":"2015-08-27T05:26:16.171Z"}
{"level":"verbose","message":"true","timestamp":"2015-08-27T05:26:16.172Z"}
{"cookie":{"path":"/","_expires":null,"originalMaxAge":null,"httpOnly":true},"return_to":"/login","username":"andrew2","isLoggedIn":true,"level":"debug","message":"","timestamp":"2015-08-27T05:26:16.295Z"}
{"level":"debug","message":"request occurred. req.session present? true","timestamp":"2015-08-27T05:26:16.295Z"}
{"cookie":{"path":"/","_expires":null,"originalMaxAge":null,"httpOnly":true},"return_to":"/login","username":"andrew2","isLoggedIn":true,"level":"debug","message":"","timestamp":"2015-08-27T05:26:16.416Z"}
{"level":"debug","message":"request occurred. req.session present? true","timestamp":"2015-08-27T05:26:16.417Z"}
{"cookie":{"path":"/","_expires":null,"originalMaxAge":null,"httpOnly":true},"return_to":"/login","username":"andrew2","isLoggedIn":true,"level":"debug","message":"","timestamp":"2015-08-27T05:26:16.417Z"}
{"level":"debug","message":"request occurred. req.session present? true","timestamp":"2015-08-27T05:26:16.418Z"}
{"cookie":{"path":"/","_expires":null,"originalMaxAge":null,"httpOnly":true},"return_to":"/login","username":"andrew2","isLoggedIn":true,"level":"debug","message":"","timestamp":"2015-08-27T05:26:16.419Z"}
{"level":"debug","message":"request occurred. req.session present? true","timestamp":"2015-08-27T05:26:16.419Z"}
{"cookie":{"path":"/","_expires":null,"originalMaxAge":null,"httpOnly":true},"return_to":"/login","username":"andrew2","isLoggedIn":true,"level":"debug","message":"","timestamp":"2015-08-27T05:26:16.423Z"}
{"level":"debug","message":"request occurred. req.session present? true","timestamp":"2015-08-27T05:26:16.424Z"}
{"level":"info","message":"example app listening! Bootup complete!","timestamp":"2015-08-27T05:26:20.754Z"}
{"level":"info","message":"Connected to Redis!","timestamp":"2015-08-27T05:26:20.758Z"}
{"level":"verbose","message":"andrew","timestamp":"2015-08-27T05:26:20.772Z"}
{"say":"hellooooooooooo!!","level":"info","message":"","timestamp":"2015-08-27T05:26:20.796Z"}
{"answer":50,"level":"info","message":"null","timestamp":"2015-08-27T05:26:20.820Z"}
{"answer":150,"info":"123+27","level":"info","message":"null","timestamp":"2015-08-27T05:26:20.825Z"}
{"level":"info","message":"example app listening! Bootup complete!","timestamp":"2015-08-27T05:28:48.335Z"}
{"level":"info","message":"Connected to Redis!","timestamp":"2015-08-27T05:28:48.341Z"}
{"level":"verbose","message":"andrew","timestamp":"2015-08-27T05:28:48.360Z"}
{"say":"hellooooooooooo!!","level":"info","message":"","timestamp":"2015-08-27T05:28:48.387Z"}
{"answer":50,"level":"info","message":"null","timestamp":"2015-08-27T05:28:48.419Z"}
{"answer":150,"info":"123+27","level":"info","message":"null","timestamp":"2015-08-27T05:28:48.426Z"}
{"level":"info","message":"example app listening! Bootup complete!","timestamp":"2015-08-27T05:29:19.117Z"}
{"level":"info","message":"Connected to Redis!","timestamp":"2015-08-27T05:29:19.122Z"}
{"level":"verbose","message":"andrew","timestamp":"2015-08-27T05:29:19.139Z"}
{"say":"hellooooooooooo!!","level":"info","message":"","timestamp":"2015-08-27T05:29:19.174Z"}
{"answer":50,"level":"info","message":"null","timestamp":"2015-08-27T05:29:19.207Z"}
{"answer":150,"info":"123+27","level":"info","message":"null","timestamp":"2015-08-27T05:29:19.213Z"}
{"level":"info","message":"example app listening! Bootup complete!","timestamp":"2015-08-27T05:29:22.529Z"}
{"level":"info","message":"Connected to Redis!","timestamp":"2015-08-27T05:29:22.534Z"}
{"level":"verbose","message":"andrew","timestamp":"2015-08-27T05:29:22.551Z"}
{"say":"hellooooooooooo!!","level":"info","message":"","timestamp":"2015-08-27T05:29:22.578Z"}
{"answer":50,"level":"info","message":"null","timestamp":"2015-08-27T05:29:22.606Z"}
{"answer":150,"info":"123+27","level":"info","message":"null","timestamp":"2015-08-27T05:29:22.611Z"}
{"level":"info","message":"example app listening! Bootup complete!","timestamp":"2015-08-27T05:29:29.443Z"}
{"level":"info","message":"Connected to Redis!","timestamp":"2015-08-27T05:29:29.448Z"}
{"level":"verbose","message":"andrew","timestamp":"2015-08-27T05:29:29.463Z"}
{"level":"info","message":"math initializing!","timestamp":"2015-08-27T05:29:29.467Z"}
{"say":"hellooooooooooo!!","level":"info","message":"","timestamp":"2015-08-27T05:29:29.494Z"}
{"answer":50,"level":"info","message":"null","timestamp":"2015-08-27T05:29:29.524Z"}
{"answer":150,"info":"123+27","level":"info","message":"null","timestamp":"2015-08-27T05:29:29.530Z"}
{"level":"info","message":"example app listening! Bootup complete!","timestamp":"2015-08-27T05:29:31.524Z"}
{"level":"info","message":"Connected to Redis!","timestamp":"2015-08-27T05:29:31.529Z"}
{"level":"verbose","message":"andrew","timestamp":"2015-08-27T05:29:31.544Z"}
{"level":"info","message":"math initializing!","timestamp":"2015-08-27T05:29:31.548Z"}
{"say":"hellooooooooooo!!","level":"info","message":"","timestamp":"2015-08-27T05:29:31.576Z"}
{"answer":50,"level":"info","message":"null","timestamp":"2015-08-27T05:29:31.603Z"}
{"answer":150,"info":"123+27","level":"info","message":"null","timestamp":"2015-08-27T05:29:31.609Z"}
{"level":"info","message":"example app listening! Bootup complete!","timestamp":"2015-08-27T05:29:59.119Z"}
{"level":"info","message":"Connected to Redis!","timestamp":"2015-08-27T05:29:59.123Z"}
{"level":"verbose","message":"andrew","timestamp":"2015-08-27T05:29:59.137Z"}
{"level":"info","message":"math initializing!","timestamp":"2015-08-27T05:29:59.140Z"}
{"say":"hellooooooooooo!!","level":"info","message":"","timestamp":"2015-08-27T05:29:59.161Z"}
{"answer":20,"level":"info","message":"","timestamp":"2015-08-27T05:29:59.172Z"}
{"answer":15,"level":"info","message":"","timestamp":"2015-08-27T05:29:59.172Z"}
{"answer":3,"info":"1+2","level":"info","message":"","timestamp":"2015-08-27T05:29:59.174Z"}
{"answer":215,"info":"4+211","level":"info","message":"","timestamp":"2015-08-27T05:29:59.175Z"}
{"answer":50,"level":"info","message":"null","timestamp":"2015-08-27T05:29:59.185Z"}
{"answer":150,"info":"123+27","level":"info","message":"null","timestamp":"2015-08-27T05:29:59.190Z"}
{"level":"info","message":"example app listening! Bootup complete!","timestamp":"2015-08-27T05:30:06.439Z"}
{"level":"info","message":"Connected to Redis!","timestamp":"2015-08-27T05:30:06.444Z"}
{"level":"verbose","message":"andrew","timestamp":"2015-08-27T05:30:06.459Z"}
{"level":"info","message":"math initializing!","timestamp":"2015-08-27T05:30:06.463Z"}
{"say":"hellooooooooooo!!","level":"info","message":"","timestamp":"2015-08-27T05:30:06.484Z"}
{"answer":20,"level":"info","message":"","timestamp":"2015-08-27T05:30:06.495Z"}
{"answer":15,"level":"info","message":"","timestamp":"2015-08-27T05:30:06.495Z"}
{"answer":3,"info":"1+2","level":"info","message":"","timestamp":"2015-08-27T05:30:06.497Z"}
{"answer":215,"info":"4+211","level":"info","message":"","timestamp":"2015-08-27T05:30:06.498Z"}
{"answer":50,"level":"info","message":"null","timestamp":"2015-08-27T05:30:06.508Z"}
{"answer":150,"info":"123+27","level":"info","message":"null","timestamp":"2015-08-27T05:30:06.513Z"}
{"level":"info","message":"example app listening! Bootup complete!","timestamp":"2015-08-27T05:30:33.061Z"}
{"level":"info","message":"Connected to Redis!","timestamp":"2015-08-27T05:30:33.066Z"}
{"level":"verbose","message":"andrew","timestamp":"2015-08-27T05:30:33.080Z"}
{"level":"info","message":"math initializing!","timestamp":"2015-08-27T05:30:33.083Z"}
{"say":"hellooooooooooo!!","level":"info","message":"","timestamp":"2015-08-27T05:30:33.103Z"}
{"answer":20,"level":"info","message":"","timestamp":"2015-08-27T05:30:33.117Z"}
{"answer":15,"level":"info","message":"","timestamp":"2015-08-27T05:30:33.117Z"}
{"answer":3,"info":"1+2","level":"info","message":"","timestamp":"2015-08-27T05:30:33.119Z"}
{"answer":215,"info":"4+211","level":"info","message":"","timestamp":"2015-08-27T05:30:33.120Z"}
{"answer":50,"level":"info","message":"null","timestamp":"2015-08-27T05:30:33.131Z"}
{"answer":150,"info":"123+27","level":"info","message":"null","timestamp":"2015-08-27T05:30:33.135Z"}
{"level":"info","message":"example app listening! Bootup complete!","timestamp":"2015-08-27T05:30:51.449Z"}
{"level":"info","message":"Connected to Redis!","timestamp":"2015-08-27T05:30:51.454Z"}
{"level":"verbose","message":"andrew","timestamp":"2015-08-27T05:30:51.467Z"}
{"level":"info","message":"math initializing!","timestamp":"2015-08-27T05:30:51.471Z"}
{"say":"hellooooooooooo!!","level":"info","message":"","timestamp":"2015-08-27T05:30:51.490Z"}
{"answer":20,"level":"info","message":"","timestamp":"2015-08-27T05:30:51.502Z"}
{"answer":15,"level":"info","message":"","timestamp":"2015-08-27T05:30:51.502Z"}
{"answer":3,"info":"1+2","level":"info","message":"","timestamp":"2015-08-27T05:30:51.504Z"}
{"answer":215,"info":"4+211","level":"info","message":"","timestamp":"2015-08-27T05:30:51.505Z"}
{"answer":50,"level":"info","message":"null","timestamp":"2015-08-27T05:30:51.515Z"}
{"answer":150,"info":"123+27","level":"info","message":"null","timestamp":"2015-08-27T05:30:51.520Z"}
{"level":"info","message":"example app listening! Bootup complete!","timestamp":"2015-08-27T05:30:55.671Z"}
{"level":"info","message":"Connected to Redis!","timestamp":"2015-08-27T05:30:55.677Z"}
{"level":"verbose","message":"andrew","timestamp":"2015-08-27T05:30:55.691Z"}
{"level":"info","message":"math initializing!","timestamp":"2015-08-27T05:30:55.694Z"}
{"say":"hellooooooooooo!!","level":"info","message":"","timestamp":"2015-08-27T05:30:55.714Z"}
{"answer":20,"level":"info","message":"","timestamp":"2015-08-27T05:30:55.725Z"}
{"answer":15,"level":"info","message":"","timestamp":"2015-08-27T05:30:55.726Z"}
{"answer":3,"info":"1+2","level":"info","message":"","timestamp":"2015-08-27T05:30:55.728Z"}
{"answer":215,"info":"4+211","level":"info","message":"","timestamp":"2015-08-27T05:30:55.728Z"}
{"answer":50,"level":"info","message":"null","timestamp":"2015-08-27T05:30:55.739Z"}
{"answer":150,"info":"123+27","level":"info","message":"null","timestamp":"2015-08-27T05:30:55.744Z"}
{"level":"info","message":"example app listening! Bootup complete!","timestamp":"2015-08-27T05:31:29.428Z"}
{"level":"info","message":"Connected to Redis!","timestamp":"2015-08-27T05:31:29.433Z"}
{"level":"verbose","message":"andrew","timestamp":"2015-08-27T05:31:29.446Z"}
{"level":"info","message":"math initializing!","timestamp":"2015-08-27T05:31:29.450Z"}
{"say":"hellooooooooooo!!","level":"info","message":"","timestamp":"2015-08-27T05:31:29.469Z"}
{"answer":20,"level":"info","message":"","timestamp":"2015-08-27T05:31:29.481Z"}
{"answer":15,"level":"info","message":"","timestamp":"2015-08-27T05:31:29.482Z"}
{"answer":3,"info":"1+2","level":"info","message":"","timestamp":"2015-08-27T05:31:29.484Z"}
{"answer":215,"info":"4+211","level":"info","message":"","timestamp":"2015-08-27T05:31:29.485Z"}
{"answer":50,"level":"info","message":"null","timestamp":"2015-08-27T05:31:29.496Z"}
{"answer":150,"info":"123+27","level":"info","message":"null","timestamp":"2015-08-27T05:31:29.501Z"}
{"level":"info","message":"example app listening! Bootup complete!","timestamp":"2015-08-27T05:32:11.444Z"}
{"level":"info","message":"Connected to Redis!","timestamp":"2015-08-27T05:32:11.449Z"}
{"level":"verbose","message":"andrew","timestamp":"2015-08-27T05:32:11.463Z"}
{"level":"info","message":"math initializing!","timestamp":"2015-08-27T05:32:11.466Z"}
{"say":"hellooooooooooo!!","level":"info","message":"","timestamp":"2015-08-27T05:32:11.487Z"}
{"answer":20,"level":"info","message":"","timestamp":"2015-08-27T05:32:11.498Z"}
{"answer":15,"level":"info","message":"","timestamp":"2015-08-27T05:32:11.498Z"}
{"answer":3,"info":"1+2","level":"info","message":"","timestamp":"2015-08-27T05:32:11.500Z"}
{"answer":215,"info":"4+211","level":"info","message":"","timestamp":"2015-08-27T05:32:11.501Z"}
{"answer":50,"level":"info","message":"null","timestamp":"2015-08-27T05:32:11.511Z"}
{"answer":150,"info":"123+27","level":"info","message":"null","timestamp":"2015-08-27T05:32:11.517Z"}
{"level":"info","message":"example app listening! Bootup complete!","timestamp":"2015-08-27T05:32:52.436Z"}
{"level":"info","message":"Connected to Redis!","timestamp":"2015-08-27T05:32:52.443Z"}
{"level":"verbose","message":"andrew","timestamp":"2015-08-27T05:32:52.464Z"}
{"level":"info","message":"math initializing!","timestamp":"2015-08-27T05:32:52.470Z"}
{"say":"hellooooooooooo!!","level":"info","message":"","timestamp":"2015-08-27T05:32:52.496Z"}
{"answer":20,"level":"info","message":"","timestamp":"2015-08-27T05:32:52.512Z"}
{"answer":15,"level":"info","message":"","timestamp":"2015-08-27T05:32:52.513Z"}
{"answer":3,"info":"1+2","level":"info","message":"","timestamp":"2015-08-27T05:32:52.515Z"}
{"answer":215,"info":"4+211","level":"info","message":"","timestamp":"2015-08-27T05:32:52.516Z"}
{"answer":50,"level":"info","message":"null","timestamp":"2015-08-27T05:32:52.527Z"}
{"answer":150,"info":"123+27","level":"info","message":"null","timestamp":"2015-08-27T05:32:52.534Z"}
{"level":"info","message":"example app listening! Bootup complete!","timestamp":"2015-08-27T05:32:57.632Z"}
{"level":"info","message":"Connected to Redis!","timestamp":"2015-08-27T05:32:57.638Z"}
{"level":"verbose","message":"andrew","timestamp":"2015-08-27T05:32:57.652Z"}
{"level":"info","message":"math initializing!","timestamp":"2015-08-27T05:32:57.655Z"}
{"say":"hellooooooooooo!!","level":"info","message":"","timestamp":"2015-08-27T05:32:57.676Z"}
{"answer":20,"level":"info","message":"","timestamp":"2015-08-27T05:32:57.687Z"}
{"answer":15,"level":"info","message":"","timestamp":"2015-08-27T05:32:57.688Z"}
{"answer":3,"info":"1+2","level":"info","message":"","timestamp":"2015-08-27T05:32:57.689Z"}
{"answer":215,"info":"4+211","level":"info","message":"","timestamp":"2015-08-27T05:32:57.690Z"}
{"answer":50,"level":"info","message":"null","timestamp":"2015-08-27T05:32:57.700Z"}
{"answer":150,"info":"123+27","level":"info","message":"null","timestamp":"2015-08-27T05:32:57.705Z"}
{"level":"info","message":"example app listening! Bootup complete!","timestamp":"2015-08-27T05:33:05.900Z"}
{"level":"info","message":"Connected to Redis!","timestamp":"2015-08-27T05:33:05.906Z"}
{"level":"verbose","message":"andrew","timestamp":"2015-08-27T05:33:05.920Z"}
{"level":"info","message":"math initializing!","timestamp":"2015-08-27T05:33:05.924Z"}
{"say":"hellooooooooooo!!","level":"info","message":"","timestamp":"2015-08-27T05:33:05.945Z"}
{"answer":20,"level":"info","message":"","timestamp":"2015-08-27T05:33:05.960Z"}
{"answer":15,"level":"info","message":"","timestamp":"2015-08-27T05:33:05.962Z"}
{"answer":3,"info":"1+2","level":"info","message":"","timestamp":"2015-08-27T05:33:05.964Z"}
{"answer":215,"info":"4+211","level":"info","message":"","timestamp":"2015-08-27T05:33:05.965Z"}
{"answer":50,"level":"info","message":"null","timestamp":"2015-08-27T05:33:05.980Z"}
{"answer":150,"info":"123+27","level":"info","message":"null","timestamp":"2015-08-27T05:33:05.987Z"}
{"level":"info","message":"example app listening! Bootup complete!","timestamp":"2015-08-27T05:33:19.148Z"}
{"level":"info","message":"Connected to Redis!","timestamp":"2015-08-27T05:33:19.153Z"}
{"level":"verbose","message":"andrew","timestamp":"2015-08-27T05:33:19.168Z"}
{"level":"info","message":"math initializing!","timestamp":"2015-08-27T05:33:19.171Z"}
{"say":"hellooooooooooo!!","level":"info","message":"","timestamp":"2015-08-27T05:33:19.195Z"}
{"answer":20,"level":"info","message":"","timestamp":"2015-08-27T05:33:19.207Z"}
{"answer":15,"level":"info","message":"","timestamp":"2015-08-27T05:33:19.208Z"}
{"answer":3,"info":"1+2","level":"info","message":"","timestamp":"2015-08-27T05:33:19.211Z"}
{"answer":215,"info":"4+211","level":"info","message":"","timestamp":"2015-08-27T05:33:19.212Z"}
{"answer":50,"level":"info","message":"null","timestamp":"2015-08-27T05:33:19.226Z"}
{"answer":150,"info":"123+27","level":"info","message":"null","timestamp":"2015-08-27T05:33:19.235Z"}
{"level":"info","message":"example app listening! Bootup complete!","timestamp":"2015-08-27T05:33:22.472Z"}
{"level":"info","message":"Connected to Redis!","timestamp":"2015-08-27T05:33:22.479Z"}
{"level":"verbose","message":"andrew","timestamp":"2015-08-27T05:33:22.500Z"}
{"level":"info","message":"math initializing!","timestamp":"2015-08-27T05:33:22.505Z"}
{"say":"hellooooooooooo!!","level":"info","message":"","timestamp":"2015-08-27T05:33:22.537Z"}
{"answer":20,"level":"info","message":"","timestamp":"2015-08-27T05:33:22.554Z"}
{"answer":15,"level":"info","message":"","timestamp":"2015-08-27T05:33:22.555Z"}
{"answer":3,"info":"1+2","level":"info","message":"","timestamp":"2015-08-27T05:33:22.557Z"}
{"answer":215,"info":"4+211","level":"info","message":"","timestamp":"2015-08-27T05:33:22.558Z"}
{"answer":50,"level":"info","message":"null","timestamp":"2015-08-27T05:33:22.574Z"}
{"answer":150,"info":"123+27","level":"info","message":"null","timestamp":"2015-08-27T05:33:22.581Z"}
{"level":"info","message":"example app listening! Bootup complete!","timestamp":"2015-08-27T05:33:49.267Z"}
{"level":"info","message":"Connected to Redis!","timestamp":"2015-08-27T05:33:49.273Z"}
{"level":"verbose","message":"andrew","timestamp":"2015-08-27T05:33:49.288Z"}
{"level":"info","message":"math initializing!","timestamp":"2015-08-27T05:33:49.292Z"}
{"say":"hellooooooooooo!!","level":"info","message":"","timestamp":"2015-08-27T05:33:49.316Z"}
{"answer":20,"level":"info","message":"","timestamp":"2015-08-27T05:33:49.331Z"}
{"answer":15,"level":"info","message":"","timestamp":"2015-08-27T05:33:49.331Z"}
{"answer":3,"info":"1+2","level":"info","message":"","timestamp":"2015-08-27T05:33:49.334Z"}
{"answer":215,"info":"4+211","level":"info","message":"","timestamp":"2015-08-27T05:33:49.334Z"}
{"answer":50,"level":"info","message":"null","timestamp":"2015-08-27T05:33:49.344Z"}
{"answer":150,"info":"123+27","level":"info","message":"null","timestamp":"2015-08-27T05:33:49.349Z"}
