{"level":"info","message":"entered serviceRunnerTest.js","label":"\u001b[1m\u001b[32m\u001b[40mseneca\u001b[49m\u001b[39m\u001b[22m","timestamp":"2015-09-04T07:22:44.586Z"}
{"level":"info","message":"example app listening! Bootup done!","timestamp":"2015-09-04T07:22:45.560Z"}
{"level":"info","message":"Connected to Redis!","timestamp":"2015-09-04T07:22:45.570Z"}
{"level":"info","message":"math initializing!","label":"\u001b[1m\u001b[32m\u001b[40mseneca\u001b[49m\u001b[39m\u001b[22m","timestamp":"2015-09-04T07:22:45.593Z"}
{"level":"verbose","message":"andrew","timestamp":"2015-09-04T07:22:45.587Z"}
{"say":"hellooooooooooo!!","level":"info","message":"","label":"\u001b[1m\u001b[32m\u001b[40mseneca\u001b[49m\u001b[39m\u001b[22m","timestamp":"2015-09-04T07:22:45.611Z"}
{"answer":3,"level":"info","message":"","label":"\u001b[1m\u001b[32m\u001b[40mseneca\u001b[49m\u001b[39m\u001b[22m","timestamp":"2015-09-04T07:22:45.616Z"}
{"answer":20,"level":"info","message":"","label":"\u001b[1m\u001b[32m\u001b[40mseneca\u001b[49m\u001b[39m\u001b[22m","timestamp":"2015-09-04T07:22:45.617Z"}
{"answer":15,"level":"info","message":"","label":"\u001b[1m\u001b[32m\u001b[40mseneca\u001b[49m\u001b[39m\u001b[22m","timestamp":"2015-09-04T07:22:45.618Z"}
{"answer":215,"level":"info","message":"","label":"\u001b[1m\u001b[32m\u001b[40mseneca\u001b[49m\u001b[39m\u001b[22m","timestamp":"2015-09-04T07:22:45.618Z"}
{"answer":150,"level":"info","message":"null","label":"\u001b[1m\u001b[32m\u001b[40mseneca\u001b[49m\u001b[39m\u001b[22m","timestamp":"2015-09-04T07:22:45.731Z"}
{"answer":50,"level":"info","message":"null","label":"\u001b[1m\u001b[32m\u001b[40mseneca\u001b[49m\u001b[39m\u001b[22m","timestamp":"2015-09-04T07:22:45.736Z"}
{"cookie":{"path":"/","_expires":null,"originalMaxAge":null,"httpOnly":true},"return_to":"/login","username":"andrew","isLoggedIn":true,"level":"debug","message":"","timestamp":"2015-09-04T07:22:46.586Z"}
{"level":"debug","message":"request occurred. req.session present? true","timestamp":"2015-09-04T07:22:46.587Z"}
{"level":"verbose","message":"true","timestamp":"2015-09-04T07:22:46.592Z"}
{"date":"Fri Sep 04 2015 03:22:46 GMT-0400 (EDT)","process":{"pid":24225,"uid":1000,"gid":1000,"cwd":"/home/andfaulkner/Projects/testbed/express-testbed-2","execPath":"/usr/local/bin/node","version":"v0.12.7","argv":["node","/home/andfaulkner/Projects/testbed/express-testbed-2/app/server.js","--seneca.log=level:WARN","--stack-trace-limit=5"],"memoryUsage":{"rss":70639616,"heapTotal":65882112,"heapUsed":40446824}},"os":{"loadavg":[1.7802734375,1.09521484375,1.05419921875],"uptime":595328},"trace":[{"column":17,"file":"/home/andfaulkner/Projects/testbed/express-testbed-2/node_modules/dustjs-linkedin/lib/parser.js","function":"peg$parseraw","line":2159,"method":null,"native":false},{"column":12,"file":"/home/andfaulkner/Projects/testbed/express-testbed-2/node_modules/dustjs-linkedin/lib/parser.js","function":"peg$parsepart","line":417,"method":null,"native":false},{"column":12,"file":"/home/andfaulkner/Projects/testbed/express-testbed-2/node_modules/dustjs-linkedin/lib/parser.js","function":"peg$parsebody","line":400,"method":null,"native":false},{"column":12,"file":"/home/andfaulkner/Projects/testbed/express-testbed-2/node_modules/dustjs-linkedin/lib/parser.js","function":"peg$parsestart","line":390,"method":null,"native":false},{"column":18,"file":"/home/andfaulkner/Projects/testbed/express-testbed-2/node_modules/dustjs-linkedin/lib/parser.js","function":"parse","line":2707,"method":null,"native":false},{"column":27,"file":"/home/andfaulkner/Projects/testbed/express-testbed-2/node_modules/dustjs-linkedin/lib/compiler.js","function":"Object.compiler.compile","line":26,"method":"compiler.compile","native":false},{"column":49,"file":"/home/andfaulkner/Projects/testbed/express-testbed-2/node_modules/dustjs-linkedin/lib/dust.js","function":"done","line":171,"method":null,"native":false},{"column":25,"file":"/home/andfaulkner/Projects/testbed/express-testbed-2/node_modules/adaro/lib/engine.js","function":null,"line":95,"method":null,"native":false},{"column":14,"file":"fs.js","function":null,"line":334,"method":null,"native":false},{"column":15,"file":"fs.js","function":"FSReqWrap.oncomplete","line":95,"method":"oncomplete","native":false}],"stack":["TypeError: undefined is not a function","    at peg$parseraw (/home/andfaulkner/Projects/testbed/express-testbed-2/node_modules/dustjs-linkedin/lib/parser.js:2159:17)","    at peg$parsepart (/home/andfaulkner/Projects/testbed/express-testbed-2/node_modules/dustjs-linkedin/lib/parser.js:417:12)","    at peg$parsebody (/home/andfaulkner/Projects/testbed/express-testbed-2/node_modules/dustjs-linkedin/lib/parser.js:400:12)","    at peg$parsestart (/home/andfaulkner/Projects/testbed/express-testbed-2/node_modules/dustjs-linkedin/lib/parser.js:390:12)","    at parse (/home/andfaulkner/Projects/testbed/express-testbed-2/node_modules/dustjs-linkedin/lib/parser.js:2707:18)","    at Object.compiler.compile (/home/andfaulkner/Projects/testbed/express-testbed-2/node_modules/dustjs-linkedin/lib/compiler.js:26:27)","    at done (/home/andfaulkner/Projects/testbed/express-testbed-2/node_modules/dustjs-linkedin/lib/dust.js:171:49)","    at /home/andfaulkner/Projects/testbed/express-testbed-2/node_modules/adaro/lib/engine.js:95:25","    at fs.js:334:14","    at FSReqWrap.oncomplete (fs.js:95:15)"],"level":"error","message":"uncaughtException: undefined is not a function","timestamp":"2015-09-04T07:22:46.615Z"}
{"date":"Fri Sep 04 2015 03:22:46 GMT-0400 (EDT)","process":{"pid":24225,"uid":1000,"gid":1000,"cwd":"/home/andfaulkner/Projects/testbed/express-testbed-2","execPath":"/usr/local/bin/node","version":"v0.12.7","argv":["node","/home/andfaulkner/Projects/testbed/express-testbed-2/app/server.js","--seneca.log=level:WARN","--stack-trace-limit=5"],"memoryUsage":{"rss":71176192,"heapTotal":66902016,"heapUsed":41206248}},"os":{"loadavg":[1.7802734375,1.09521484375,1.05419921875],"uptime":595328},"trace":[{"column":17,"file":"/home/andfaulkner/Projects/testbed/express-testbed-2/node_modules/dustjs-linkedin/lib/parser.js","function":"peg$parseraw","line":2159,"method":null,"native":false},{"column":12,"file":"/home/andfaulkner/Projects/testbed/express-testbed-2/node_modules/dustjs-linkedin/lib/parser.js","function":"peg$parsepart","line":417,"method":null,"native":false},{"column":12,"file":"/home/andfaulkner/Projects/testbed/express-testbed-2/node_modules/dustjs-linkedin/lib/parser.js","function":"peg$parsebody","line":400,"method":null,"native":false},{"column":12,"file":"/home/andfaulkner/Projects/testbed/express-testbed-2/node_modules/dustjs-linkedin/lib/parser.js","function":"peg$parsestart","line":390,"method":null,"native":false},{"column":18,"file":"/home/andfaulkner/Projects/testbed/express-testbed-2/node_modules/dustjs-linkedin/lib/parser.js","function":"parse","line":2707,"method":null,"native":false},{"column":27,"file":"/home/andfaulkner/Projects/testbed/express-testbed-2/node_modules/dustjs-linkedin/lib/compiler.js","function":"Object.compiler.compile","line":26,"method":"compiler.compile","native":false},{"column":49,"file":"/home/andfaulkner/Projects/testbed/express-testbed-2/node_modules/dustjs-linkedin/lib/dust.js","function":"done","line":171,"method":null,"native":false},{"column":25,"file":"/home/andfaulkner/Projects/testbed/express-testbed-2/node_modules/adaro/lib/engine.js","function":null,"line":95,"method":null,"native":false},{"column":14,"file":"fs.js","function":null,"line":334,"method":null,"native":false},{"column":15,"file":"fs.js","function":"FSReqWrap.oncomplete","line":95,"method":"oncomplete","native":false}],"stack":["TypeError: undefined is not a function","    at peg$parseraw (/home/andfaulkner/Projects/testbed/express-testbed-2/node_modules/dustjs-linkedin/lib/parser.js:2159:17)","    at peg$parsepart (/home/andfaulkner/Projects/testbed/express-testbed-2/node_modules/dustjs-linkedin/lib/parser.js:417:12)","    at peg$parsebody (/home/andfaulkner/Projects/testbed/express-testbed-2/node_modules/dustjs-linkedin/lib/parser.js:400:12)","    at peg$parsestart (/home/andfaulkner/Projects/testbed/express-testbed-2/node_modules/dustjs-linkedin/lib/parser.js:390:12)","    at parse (/home/andfaulkner/Projects/testbed/express-testbed-2/node_modules/dustjs-linkedin/lib/parser.js:2707:18)","    at Object.compiler.compile (/home/andfaulkner/Projects/testbed/express-testbed-2/node_modules/dustjs-linkedin/lib/compiler.js:26:27)","    at done (/home/andfaulkner/Projects/testbed/express-testbed-2/node_modules/dustjs-linkedin/lib/dust.js:171:49)","    at /home/andfaulkner/Projects/testbed/express-testbed-2/node_modules/adaro/lib/engine.js:95:25","    at fs.js:334:14","    at FSReqWrap.oncomplete (fs.js:95:15)"],"level":"error","message":"uncaughtException: undefined is not a function","label":"\u001b[1m\u001b[32m\u001b[40mseneca\u001b[49m\u001b[39m\u001b[22m","timestamp":"2015-09-04T07:22:46.619Z"}
{"level":"info","message":"entered serviceRunnerTest.js","label":"\u001b[1m\u001b[32m\u001b[40mseneca\u001b[49m\u001b[39m\u001b[22m","timestamp":"2015-09-04T07:24:15.126Z"}
{"level":"info","message":"example app listening! Bootup done!","timestamp":"2015-09-04T07:24:16.489Z"}
{"level":"info","message":"Connected to Redis!","timestamp":"2015-09-04T07:24:16.497Z"}
{"level":"info","message":"math initializing!","label":"\u001b[1m\u001b[32m\u001b[40mseneca\u001b[49m\u001b[39m\u001b[22m","timestamp":"2015-09-04T07:24:16.519Z"}
{"level":"verbose","message":"andrew","timestamp":"2015-09-04T07:24:16.515Z"}
{"say":"hellooooooooooo!!","level":"info","message":"","label":"\u001b[1m\u001b[32m\u001b[40mseneca\u001b[49m\u001b[39m\u001b[22m","timestamp":"2015-09-04T07:24:16.529Z"}
{"answer":3,"level":"info","message":"","label":"\u001b[1m\u001b[32m\u001b[40mseneca\u001b[49m\u001b[39m\u001b[22m","timestamp":"2015-09-04T07:24:16.531Z"}
{"answer":20,"level":"info","message":"","label":"\u001b[1m\u001b[32m\u001b[40mseneca\u001b[49m\u001b[39m\u001b[22m","timestamp":"2015-09-04T07:24:16.532Z"}
{"answer":15,"level":"info","message":"","label":"\u001b[1m\u001b[32m\u001b[40mseneca\u001b[49m\u001b[39m\u001b[22m","timestamp":"2015-09-04T07:24:16.533Z"}
{"answer":215,"level":"info","message":"","label":"\u001b[1m\u001b[32m\u001b[40mseneca\u001b[49m\u001b[39m\u001b[22m","timestamp":"2015-09-04T07:24:16.533Z"}
{"answer":150,"level":"info","message":"null","label":"\u001b[1m\u001b[32m\u001b[40mseneca\u001b[49m\u001b[39m\u001b[22m","timestamp":"2015-09-04T07:24:16.644Z"}
{"answer":50,"level":"info","message":"null","label":"\u001b[1m\u001b[32m\u001b[40mseneca\u001b[49m\u001b[39m\u001b[22m","timestamp":"2015-09-04T07:24:16.646Z"}
{"cookie":{"path":"/","_expires":null,"originalMaxAge":null,"httpOnly":true},"return_to":"/login","username":"andrew","isLoggedIn":true,"level":"debug","message":"","timestamp":"2015-09-04T07:24:17.594Z"}
{"level":"debug","message":"request occurred. req.session present? true","timestamp":"2015-09-04T07:24:17.594Z"}
{"level":"verbose","message":"true","timestamp":"2015-09-04T07:24:17.598Z"}
{"date":"Fri Sep 04 2015 03:24:17 GMT-0400 (EDT)","process":{"pid":24354,"uid":1000,"gid":1000,"cwd":"/home/andfaulkner/Projects/testbed/express-testbed-2","execPath":"/usr/local/bin/node","version":"v0.12.7","argv":["node","/home/andfaulkner/Projects/testbed/express-testbed-2/app/server.js","--seneca.log=level:WARN","--stack-trace-limit=1000"],"memoryUsage":{"rss":74952704,"heapTotal":66902016,"heapUsed":31742784}},"os":{"loadavg":[1.2138671875,1.11865234375,1.06640625],"uptime":595419},"trace":[{"column":17,"file":"/home/andfaulkner/Projects/testbed/express-testbed-2/node_modules/dustjs-linkedin/lib/parser.js","function":"peg$parseraw","line":2159,"method":null,"native":false},{"column":12,"file":"/home/andfaulkner/Projects/testbed/express-testbed-2/node_modules/dustjs-linkedin/lib/parser.js","function":"peg$parsepart","line":417,"method":null,"native":false},{"column":12,"file":"/home/andfaulkner/Projects/testbed/express-testbed-2/node_modules/dustjs-linkedin/lib/parser.js","function":"peg$parsebody","line":400,"method":null,"native":false},{"column":12,"file":"/home/andfaulkner/Projects/testbed/express-testbed-2/node_modules/dustjs-linkedin/lib/parser.js","function":"peg$parsestart","line":390,"method":null,"native":false},{"column":18,"file":"/home/andfaulkner/Projects/testbed/express-testbed-2/node_modules/dustjs-linkedin/lib/parser.js","function":"parse","line":2707,"method":null,"native":false},{"column":27,"file":"/home/andfaulkner/Projects/testbed/express-testbed-2/node_modules/dustjs-linkedin/lib/compiler.js","function":"Object.compiler.compile","line":26,"method":"compiler.compile","native":false},{"column":49,"file":"/home/andfaulkner/Projects/testbed/express-testbed-2/node_modules/dustjs-linkedin/lib/dust.js","function":"done","line":171,"method":null,"native":false},{"column":25,"file":"/home/andfaulkner/Projects/testbed/express-testbed-2/node_modules/adaro/lib/engine.js","function":null,"line":95,"method":null,"native":false},{"column":14,"file":"fs.js","function":null,"line":334,"method":null,"native":false},{"column":15,"file":"fs.js","function":"FSReqWrap.oncomplete","line":95,"method":"oncomplete","native":false}],"stack":["TypeError: undefined is not a function","    at peg$parseraw (/home/andfaulkner/Projects/testbed/express-testbed-2/node_modules/dustjs-linkedin/lib/parser.js:2159:17)","    at peg$parsepart (/home/andfaulkner/Projects/testbed/express-testbed-2/node_modules/dustjs-linkedin/lib/parser.js:417:12)","    at peg$parsebody (/home/andfaulkner/Projects/testbed/express-testbed-2/node_modules/dustjs-linkedin/lib/parser.js:400:12)","    at peg$parsestart (/home/andfaulkner/Projects/testbed/express-testbed-2/node_modules/dustjs-linkedin/lib/parser.js:390:12)","    at parse (/home/andfaulkner/Projects/testbed/express-testbed-2/node_modules/dustjs-linkedin/lib/parser.js:2707:18)","    at Object.compiler.compile (/home/andfaulkner/Projects/testbed/express-testbed-2/node_modules/dustjs-linkedin/lib/compiler.js:26:27)","    at done (/home/andfaulkner/Projects/testbed/express-testbed-2/node_modules/dustjs-linkedin/lib/dust.js:171:49)","    at /home/andfaulkner/Projects/testbed/express-testbed-2/node_modules/adaro/lib/engine.js:95:25","    at fs.js:334:14","    at FSReqWrap.oncomplete (fs.js:95:15)"],"level":"error","message":"uncaughtException: undefined is not a function","timestamp":"2015-09-04T07:24:17.611Z"}
{"date":"Fri Sep 04 2015 03:24:17 GMT-0400 (EDT)","process":{"pid":24354,"uid":1000,"gid":1000,"cwd":"/home/andfaulkner/Projects/testbed/express-testbed-2","execPath":"/usr/local/bin/node","version":"v0.12.7","argv":["node","/home/andfaulkner/Projects/testbed/express-testbed-2/app/server.js","--seneca.log=level:WARN","--stack-trace-limit=1000"],"memoryUsage":{"rss":74952704,"heapTotal":66902016,"heapUsed":32438064}},"os":{"loadavg":[1.2138671875,1.11865234375,1.06640625],"uptime":595419},"trace":[{"column":17,"file":"/home/andfaulkner/Projects/testbed/express-testbed-2/node_modules/dustjs-linkedin/lib/parser.js","function":"peg$parseraw","line":2159,"method":null,"native":false},{"column":12,"file":"/home/andfaulkner/Projects/testbed/express-testbed-2/node_modules/dustjs-linkedin/lib/parser.js","function":"peg$parsepart","line":417,"method":null,"native":false},{"column":12,"file":"/home/andfaulkner/Projects/testbed/express-testbed-2/node_modules/dustjs-linkedin/lib/parser.js","function":"peg$parsebody","line":400,"method":null,"native":false},{"column":12,"file":"/home/andfaulkner/Projects/testbed/express-testbed-2/node_modules/dustjs-linkedin/lib/parser.js","function":"peg$parsestart","line":390,"method":null,"native":false},{"column":18,"file":"/home/andfaulkner/Projects/testbed/express-testbed-2/node_modules/dustjs-linkedin/lib/parser.js","function":"parse","line":2707,"method":null,"native":false},{"column":27,"file":"/home/andfaulkner/Projects/testbed/express-testbed-2/node_modules/dustjs-linkedin/lib/compiler.js","function":"Object.compiler.compile","line":26,"method":"compiler.compile","native":false},{"column":49,"file":"/home/andfaulkner/Projects/testbed/express-testbed-2/node_modules/dustjs-linkedin/lib/dust.js","function":"done","line":171,"method":null,"native":false},{"column":25,"file":"/home/andfaulkner/Projects/testbed/express-testbed-2/node_modules/adaro/lib/engine.js","function":null,"line":95,"method":null,"native":false},{"column":14,"file":"fs.js","function":null,"line":334,"method":null,"native":false},{"column":15,"file":"fs.js","function":"FSReqWrap.oncomplete","line":95,"method":"oncomplete","native":false}],"stack":["TypeError: undefined is not a function","    at peg$parseraw (/home/andfaulkner/Projects/testbed/express-testbed-2/node_modules/dustjs-linkedin/lib/parser.js:2159:17)","    at peg$parsepart (/home/andfaulkner/Projects/testbed/express-testbed-2/node_modules/dustjs-linkedin/lib/parser.js:417:12)","    at peg$parsebody (/home/andfaulkner/Projects/testbed/express-testbed-2/node_modules/dustjs-linkedin/lib/parser.js:400:12)","    at peg$parsestart (/home/andfaulkner/Projects/testbed/express-testbed-2/node_modules/dustjs-linkedin/lib/parser.js:390:12)","    at parse (/home/andfaulkner/Projects/testbed/express-testbed-2/node_modules/dustjs-linkedin/lib/parser.js:2707:18)","    at Object.compiler.compile (/home/andfaulkner/Projects/testbed/express-testbed-2/node_modules/dustjs-linkedin/lib/compiler.js:26:27)","    at done (/home/andfaulkner/Projects/testbed/express-testbed-2/node_modules/dustjs-linkedin/lib/dust.js:171:49)","    at /home/andfaulkner/Projects/testbed/express-testbed-2/node_modules/adaro/lib/engine.js:95:25","    at fs.js:334:14","    at FSReqWrap.oncomplete (fs.js:95:15)"],"level":"error","message":"uncaughtException: undefined is not a function","label":"\u001b[1m\u001b[32m\u001b[40mseneca\u001b[49m\u001b[39m\u001b[22m","timestamp":"2015-09-04T07:24:17.614Z"}
{"level":"info","message":"entered serviceRunnerTest.js","label":"\u001b[1m\u001b[32m\u001b[40mseneca\u001b[49m\u001b[39m\u001b[22m","timestamp":"2015-09-04T07:28:08.273Z"}
{"level":"info","message":"example app listening! Bootup done!","timestamp":"2015-09-04T07:28:09.270Z"}
{"level":"info","message":"Connected to Redis!","timestamp":"2015-09-04T07:28:09.281Z"}
{"level":"info","message":"math initializing!","label":"\u001b[1m\u001b[32m\u001b[40mseneca\u001b[49m\u001b[39m\u001b[22m","timestamp":"2015-09-04T07:28:09.306Z"}
{"level":"verbose","message":"andrew","timestamp":"2015-09-04T07:28:09.301Z"}
{"say":"hellooooooooooo!!","level":"info","message":"","label":"\u001b[1m\u001b[32m\u001b[40mseneca\u001b[49m\u001b[39m\u001b[22m","timestamp":"2015-09-04T07:28:09.321Z"}
{"answer":3,"level":"info","message":"","label":"\u001b[1m\u001b[32m\u001b[40mseneca\u001b[49m\u001b[39m\u001b[22m","timestamp":"2015-09-04T07:28:09.325Z"}
{"answer":20,"level":"info","message":"","label":"\u001b[1m\u001b[32m\u001b[40mseneca\u001b[49m\u001b[39m\u001b[22m","timestamp":"2015-09-04T07:28:09.325Z"}
{"answer":15,"level":"info","message":"","label":"\u001b[1m\u001b[32m\u001b[40mseneca\u001b[49m\u001b[39m\u001b[22m","timestamp":"2015-09-04T07:28:09.326Z"}
{"answer":215,"level":"info","message":"","label":"\u001b[1m\u001b[32m\u001b[40mseneca\u001b[49m\u001b[39m\u001b[22m","timestamp":"2015-09-04T07:28:09.326Z"}
{"answer":150,"level":"info","message":"null","label":"\u001b[1m\u001b[32m\u001b[40mseneca\u001b[49m\u001b[39m\u001b[22m","timestamp":"2015-09-04T07:28:09.439Z"}
{"answer":50,"level":"info","message":"null","label":"\u001b[1m\u001b[32m\u001b[40mseneca\u001b[49m\u001b[39m\u001b[22m","timestamp":"2015-09-04T07:28:09.441Z"}
{"cookie":{"path":"/","_expires":null,"originalMaxAge":null,"httpOnly":true},"level":"debug","message":"","timestamp":"2015-09-04T07:29:19.650Z"}
{"level":"debug","message":"request occurred. req.session present? true","timestamp":"2015-09-04T07:29:19.650Z"}
{"cookie":{"path":"/","_expires":null,"originalMaxAge":null,"httpOnly":true},"level":"debug","message":"","timestamp":"2015-09-04T07:29:19.659Z"}
{"level":"debug","message":"request occurred. req.session present? true","timestamp":"2015-09-04T07:29:19.660Z"}
{"cookie":{"path":"/","_expires":null,"originalMaxAge":null,"httpOnly":true},"level":"debug","message":"","timestamp":"2015-09-04T07:29:19.858Z"}
{"level":"debug","message":"request occurred. req.session present? true","timestamp":"2015-09-04T07:29:19.858Z"}
{"cookie":{"path":"/","_expires":null,"originalMaxAge":null,"httpOnly":true},"level":"debug","message":"","timestamp":"2015-09-04T07:29:20.033Z"}
{"level":"debug","message":"request occurred. req.session present? true","timestamp":"2015-09-04T07:29:20.033Z"}
{"cookie":{"path":"/","_expires":null,"originalMaxAge":null,"httpOnly":true},"level":"debug","message":"","timestamp":"2015-09-04T07:29:20.033Z"}
{"level":"debug","message":"request occurred. req.session present? true","timestamp":"2015-09-04T07:29:20.033Z"}
{"cookie":{"path":"/","_expires":null,"originalMaxAge":null,"httpOnly":true},"level":"debug","message":"","timestamp":"2015-09-04T07:29:20.034Z"}
{"level":"debug","message":"request occurred. req.session present? true","timestamp":"2015-09-04T07:29:20.034Z"}
{"cookie":{"path":"/","_expires":null,"originalMaxAge":null,"httpOnly":true},"level":"debug","message":"","timestamp":"2015-09-04T07:29:20.038Z"}
{"level":"debug","message":"request occurred. req.session present? true","timestamp":"2015-09-04T07:29:20.038Z"}
{"cookie":{"path":"/","_expires":null,"originalMaxAge":null,"httpOnly":true},"level":"debug","message":"","timestamp":"2015-09-04T07:29:20.095Z"}
{"level":"debug","message":"request occurred. req.session present? true","timestamp":"2015-09-04T07:29:20.095Z"}
{"cookie":{"path":"/","_expires":null,"originalMaxAge":null,"httpOnly":true},"level":"debug","message":"","timestamp":"2015-09-04T07:29:20.102Z"}
{"level":"debug","message":"request occurred. req.session present? true","timestamp":"2015-09-04T07:29:20.103Z"}
{"level":"info","message":"entered serviceRunnerTest.js","label":"\u001b[1m\u001b[32m\u001b[40mseneca\u001b[49m\u001b[39m\u001b[22m","timestamp":"2015-09-04T07:31:13.276Z"}
{"level":"info","message":"example app listening! Bootup done!","timestamp":"2015-09-04T07:31:14.329Z"}
{"level":"info","message":"Connected to Redis!","timestamp":"2015-09-04T07:31:14.336Z"}
{"level":"info","message":"math initializing!","label":"\u001b[1m\u001b[32m\u001b[40mseneca\u001b[49m\u001b[39m\u001b[22m","timestamp":"2015-09-04T07:31:14.353Z"}
{"level":"verbose","message":"andrew","timestamp":"2015-09-04T07:31:14.350Z"}
{"say":"hellooooooooooo!!","level":"info","message":"","label":"\u001b[1m\u001b[32m\u001b[40mseneca\u001b[49m\u001b[39m\u001b[22m","timestamp":"2015-09-04T07:31:14.365Z"}
{"answer":3,"level":"info","message":"","label":"\u001b[1m\u001b[32m\u001b[40mseneca\u001b[49m\u001b[39m\u001b[22m","timestamp":"2015-09-04T07:31:14.367Z"}
{"answer":20,"level":"info","message":"","label":"\u001b[1m\u001b[32m\u001b[40mseneca\u001b[49m\u001b[39m\u001b[22m","timestamp":"2015-09-04T07:31:14.368Z"}
{"answer":15,"level":"info","message":"","label":"\u001b[1m\u001b[32m\u001b[40mseneca\u001b[49m\u001b[39m\u001b[22m","timestamp":"2015-09-04T07:31:14.368Z"}
{"answer":215,"level":"info","message":"","label":"\u001b[1m\u001b[32m\u001b[40mseneca\u001b[49m\u001b[39m\u001b[22m","timestamp":"2015-09-04T07:31:14.369Z"}
{"answer":150,"level":"info","message":"null","label":"\u001b[1m\u001b[32m\u001b[40mseneca\u001b[49m\u001b[39m\u001b[22m","timestamp":"2015-09-04T07:31:14.482Z"}
{"answer":50,"level":"info","message":"null","label":"\u001b[1m\u001b[32m\u001b[40mseneca\u001b[49m\u001b[39m\u001b[22m","timestamp":"2015-09-04T07:31:14.485Z"}
{"cookie":{"path":"/","_expires":null,"originalMaxAge":null,"httpOnly":true},"level":"debug","message":"","timestamp":"2015-09-04T07:31:20.141Z"}
{"level":"debug","message":"request occurred. req.session present? true","timestamp":"2015-09-04T07:31:20.141Z"}
{"cookie":{"path":"/","_expires":null,"originalMaxAge":null,"httpOnly":true},"level":"debug","message":"","timestamp":"2015-09-04T07:31:20.318Z"}
{"level":"debug","message":"request occurred. req.session present? true","timestamp":"2015-09-04T07:31:20.319Z"}
{"cookie":{"path":"/","_expires":null,"originalMaxAge":null,"httpOnly":true},"level":"debug","message":"","timestamp":"2015-09-04T07:31:20.330Z"}
{"level":"debug","message":"request occurred. req.session present? true","timestamp":"2015-09-04T07:31:20.330Z"}
{"cookie":{"path":"/","_expires":null,"originalMaxAge":null,"httpOnly":true},"level":"debug","message":"","timestamp":"2015-09-04T07:31:20.341Z"}
{"level":"debug","message":"request occurred. req.session present? true","timestamp":"2015-09-04T07:31:20.341Z"}
{"cookie":{"path":"/","_expires":null,"originalMaxAge":null,"httpOnly":true},"level":"debug","message":"","timestamp":"2015-09-04T07:31:20.463Z"}
{"level":"debug","message":"request occurred. req.session present? true","timestamp":"2015-09-04T07:31:20.463Z"}
{"cookie":{"path":"/","_expires":null,"originalMaxAge":null,"httpOnly":true},"level":"debug","message":"","timestamp":"2015-09-04T07:31:20.464Z"}
{"level":"debug","message":"request occurred. req.session present? true","timestamp":"2015-09-04T07:31:20.464Z"}
{"cookie":{"path":"/","_expires":null,"originalMaxAge":null,"httpOnly":true},"level":"debug","message":"","timestamp":"2015-09-04T07:31:20.465Z"}
{"level":"debug","message":"request occurred. req.session present? true","timestamp":"2015-09-04T07:31:20.465Z"}
{"cookie":{"path":"/","_expires":null,"originalMaxAge":null,"httpOnly":true},"level":"debug","message":"","timestamp":"2015-09-04T07:31:20.466Z"}
{"level":"debug","message":"request occurred. req.session present? true","timestamp":"2015-09-04T07:31:20.466Z"}
{"cookie":{"path":"/","_expires":null,"originalMaxAge":null,"httpOnly":true},"level":"debug","message":"","timestamp":"2015-09-04T07:31:20.807Z"}
{"level":"debug","message":"request occurred. req.session present? true","timestamp":"2015-09-04T07:31:20.808Z"}
{"level":"verbose","message":"800fecc3-4462-4bb5-a296-4b8de01f0989","timestamp":"2015-09-04T07:31:20.813Z"}
{"level":"silly","message":"OK","timestamp":"2015-09-04T07:31:20.813Z"}
{"cookie":{"path":"/","_expires":null,"originalMaxAge":null,"httpOnly":true},"return_to":"/login","username":"andrew","isLoggedIn":true,"level":"silly","message":"","timestamp":"2015-09-04T07:31:20.813Z"}
{"cookie":{"path":"/","_expires":null,"originalMaxAge":null,"httpOnly":true},"return_to":"/login","username":"andrew","isLoggedIn":true,"level":"debug","message":"","timestamp":"2015-09-04T07:31:20.821Z"}
{"level":"debug","message":"request occurred. req.session present? true","timestamp":"2015-09-04T07:31:20.821Z"}
{"level":"verbose","message":"true","timestamp":"2015-09-04T07:31:22.243Z"}
{"date":"Fri Sep 04 2015 03:31:22 GMT-0400 (EDT)","process":{"pid":25786,"uid":1000,"gid":1000,"cwd":"/home/andfaulkner/Projects/testbed/express-testbed-2","execPath":"/usr/local/bin/node","version":"v0.12.7","argv":["node","/home/andfaulkner/Projects/testbed/express-testbed-2/app/server.js","--seneca.log=level:WARN","--stack-trace-limit=1000"],"memoryUsage":{"rss":76509184,"heapTotal":65870080,"heapUsed":34923432}},"os":{"loadavg":[0.916015625,0.83544921875,0.94775390625],"uptime":595844},"trace":[{"column":17,"file":"/home/andfaulkner/Projects/testbed/express-testbed-2/node_modules/dustjs-linkedin/lib/parser.js","function":"peg$parseraw","line":2159,"method":null,"native":false},{"column":12,"file":"/home/andfaulkner/Projects/testbed/express-testbed-2/node_modules/dustjs-linkedin/lib/parser.js","function":"peg$parsepart","line":417,"method":null,"native":false},{"column":12,"file":"/home/andfaulkner/Projects/testbed/express-testbed-2/node_modules/dustjs-linkedin/lib/parser.js","function":"peg$parsebody","line":400,"method":null,"native":false},{"column":12,"file":"/home/andfaulkner/Projects/testbed/express-testbed-2/node_modules/dustjs-linkedin/lib/parser.js","function":"peg$parsestart","line":390,"method":null,"native":false},{"column":18,"file":"/home/andfaulkner/Projects/testbed/express-testbed-2/node_modules/dustjs-linkedin/lib/parser.js","function":"parse","line":2707,"method":null,"native":false},{"column":27,"file":"/home/andfaulkner/Projects/testbed/express-testbed-2/node_modules/dustjs-linkedin/lib/compiler.js","function":"Object.compiler.compile","line":26,"method":"compiler.compile","native":false},{"column":49,"file":"/home/andfaulkner/Projects/testbed/express-testbed-2/node_modules/dustjs-linkedin/lib/dust.js","function":"done","line":171,"method":null,"native":false},{"column":25,"file":"/home/andfaulkner/Projects/testbed/express-testbed-2/node_modules/adaro/lib/engine.js","function":null,"line":95,"method":null,"native":false},{"column":14,"file":"fs.js","function":null,"line":334,"method":null,"native":false},{"column":15,"file":"fs.js","function":"FSReqWrap.oncomplete","line":95,"method":"oncomplete","native":false}],"stack":["TypeError: undefined is not a function","    at peg$parseraw (/home/andfaulkner/Projects/testbed/express-testbed-2/node_modules/dustjs-linkedin/lib/parser.js:2159:17)","    at peg$parsepart (/home/andfaulkner/Projects/testbed/express-testbed-2/node_modules/dustjs-linkedin/lib/parser.js:417:12)","    at peg$parsebody (/home/andfaulkner/Projects/testbed/express-testbed-2/node_modules/dustjs-linkedin/lib/parser.js:400:12)","    at peg$parsestart (/home/andfaulkner/Projects/testbed/express-testbed-2/node_modules/dustjs-linkedin/lib/parser.js:390:12)","    at parse (/home/andfaulkner/Projects/testbed/express-testbed-2/node_modules/dustjs-linkedin/lib/parser.js:2707:18)","    at Object.compiler.compile (/home/andfaulkner/Projects/testbed/express-testbed-2/node_modules/dustjs-linkedin/lib/compiler.js:26:27)","    at done (/home/andfaulkner/Projects/testbed/express-testbed-2/node_modules/dustjs-linkedin/lib/dust.js:171:49)","    at /home/andfaulkner/Projects/testbed/express-testbed-2/node_modules/adaro/lib/engine.js:95:25","    at fs.js:334:14","    at FSReqWrap.oncomplete (fs.js:95:15)"],"level":"error","message":"uncaughtException: undefined is not a function","timestamp":"2015-09-04T07:31:22.253Z"}
{"date":"Fri Sep 04 2015 03:31:22 GMT-0400 (EDT)","process":{"pid":25786,"uid":1000,"gid":1000,"cwd":"/home/andfaulkner/Projects/testbed/express-testbed-2","execPath":"/usr/local/bin/node","version":"v0.12.7","argv":["node","/home/andfaulkner/Projects/testbed/express-testbed-2/app/server.js","--seneca.log=level:WARN","--stack-trace-limit=1000"],"memoryUsage":{"rss":76509184,"heapTotal":65870080,"heapUsed":35615928}},"os":{"loadavg":[0.916015625,0.83544921875,0.94775390625],"uptime":595844},"trace":[{"column":17,"file":"/home/andfaulkner/Projects/testbed/express-testbed-2/node_modules/dustjs-linkedin/lib/parser.js","function":"peg$parseraw","line":2159,"method":null,"native":false},{"column":12,"file":"/home/andfaulkner/Projects/testbed/express-testbed-2/node_modules/dustjs-linkedin/lib/parser.js","function":"peg$parsepart","line":417,"method":null,"native":false},{"column":12,"file":"/home/andfaulkner/Projects/testbed/express-testbed-2/node_modules/dustjs-linkedin/lib/parser.js","function":"peg$parsebody","line":400,"method":null,"native":false},{"column":12,"file":"/home/andfaulkner/Projects/testbed/express-testbed-2/node_modules/dustjs-linkedin/lib/parser.js","function":"peg$parsestart","line":390,"method":null,"native":false},{"column":18,"file":"/home/andfaulkner/Projects/testbed/express-testbed-2/node_modules/dustjs-linkedin/lib/parser.js","function":"parse","line":2707,"method":null,"native":false},{"column":27,"file":"/home/andfaulkner/Projects/testbed/express-testbed-2/node_modules/dustjs-linkedin/lib/compiler.js","function":"Object.compiler.compile","line":26,"method":"compiler.compile","native":false},{"column":49,"file":"/home/andfaulkner/Projects/testbed/express-testbed-2/node_modules/dustjs-linkedin/lib/dust.js","function":"done","line":171,"method":null,"native":false},{"column":25,"file":"/home/andfaulkner/Projects/testbed/express-testbed-2/node_modules/adaro/lib/engine.js","function":null,"line":95,"method":null,"native":false},{"column":14,"file":"fs.js","function":null,"line":334,"method":null,"native":false},{"column":15,"file":"fs.js","function":"FSReqWrap.oncomplete","line":95,"method":"oncomplete","native":false}],"stack":["TypeError: undefined is not a function","    at peg$parseraw (/home/andfaulkner/Projects/testbed/express-testbed-2/node_modules/dustjs-linkedin/lib/parser.js:2159:17)","    at peg$parsepart (/home/andfaulkner/Projects/testbed/express-testbed-2/node_modules/dustjs-linkedin/lib/parser.js:417:12)","    at peg$parsebody (/home/andfaulkner/Projects/testbed/express-testbed-2/node_modules/dustjs-linkedin/lib/parser.js:400:12)","    at peg$parsestart (/home/andfaulkner/Projects/testbed/express-testbed-2/node_modules/dustjs-linkedin/lib/parser.js:390:12)","    at parse (/home/andfaulkner/Projects/testbed/express-testbed-2/node_modules/dustjs-linkedin/lib/parser.js:2707:18)","    at Object.compiler.compile (/home/andfaulkner/Projects/testbed/express-testbed-2/node_modules/dustjs-linkedin/lib/compiler.js:26:27)","    at done (/home/andfaulkner/Projects/testbed/express-testbed-2/node_modules/dustjs-linkedin/lib/dust.js:171:49)","    at /home/andfaulkner/Projects/testbed/express-testbed-2/node_modules/adaro/lib/engine.js:95:25","    at fs.js:334:14","    at FSReqWrap.oncomplete (fs.js:95:15)"],"level":"error","message":"uncaughtException: undefined is not a function","label":"\u001b[1m\u001b[32m\u001b[40mseneca\u001b[49m\u001b[39m\u001b[22m","timestamp":"2015-09-04T07:31:22.258Z"}
{"level":"info","message":"entered serviceRunnerTest.js","label":"\u001b[1m\u001b[32m\u001b[40mseneca\u001b[49m\u001b[39m\u001b[22m","timestamp":"2015-09-04T07:31:34.757Z"}
{"level":"info","message":"example app listening! Bootup done!","timestamp":"2015-09-04T07:31:35.736Z"}
{"level":"info","message":"Connected to Redis!","timestamp":"2015-09-04T07:31:35.742Z"}
{"level":"info","message":"math initializing!","label":"\u001b[1m\u001b[32m\u001b[40mseneca\u001b[49m\u001b[39m\u001b[22m","timestamp":"2015-09-04T07:31:35.759Z"}
{"level":"verbose","message":"andrew","timestamp":"2015-09-04T07:31:35.755Z"}
{"say":"hellooooooooooo!!","level":"info","message":"","label":"\u001b[1m\u001b[32m\u001b[40mseneca\u001b[49m\u001b[39m\u001b[22m","timestamp":"2015-09-04T07:31:35.770Z"}
{"answer":3,"level":"info","message":"","label":"\u001b[1m\u001b[32m\u001b[40mseneca\u001b[49m\u001b[39m\u001b[22m","timestamp":"2015-09-04T07:31:35.772Z"}
{"answer":20,"level":"info","message":"","label":"\u001b[1m\u001b[32m\u001b[40mseneca\u001b[49m\u001b[39m\u001b[22m","timestamp":"2015-09-04T07:31:35.772Z"}
{"answer":15,"level":"info","message":"","label":"\u001b[1m\u001b[32m\u001b[40mseneca\u001b[49m\u001b[39m\u001b[22m","timestamp":"2015-09-04T07:31:35.773Z"}
{"answer":215,"level":"info","message":"","label":"\u001b[1m\u001b[32m\u001b[40mseneca\u001b[49m\u001b[39m\u001b[22m","timestamp":"2015-09-04T07:31:35.773Z"}
{"answer":150,"level":"info","message":"null","label":"\u001b[1m\u001b[32m\u001b[40mseneca\u001b[49m\u001b[39m\u001b[22m","timestamp":"2015-09-04T07:31:35.887Z"}
{"answer":50,"level":"info","message":"null","label":"\u001b[1m\u001b[32m\u001b[40mseneca\u001b[49m\u001b[39m\u001b[22m","timestamp":"2015-09-04T07:31:35.888Z"}
{"cookie":{"path":"/","_expires":null,"originalMaxAge":null,"httpOnly":true},"return_to":"/login","username":"andrew","isLoggedIn":true,"level":"debug","message":"","timestamp":"2015-09-04T07:31:37.647Z"}
{"level":"debug","message":"request occurred. req.session present? true","timestamp":"2015-09-04T07:31:37.647Z"}
{"level":"verbose","message":"true","timestamp":"2015-09-04T07:31:37.650Z"}
{"cookie":{"path":"/","_expires":null,"originalMaxAge":null,"httpOnly":true},"return_to":"/login","username":"andrew","isLoggedIn":true,"level":"debug","message":"","timestamp":"2015-09-04T07:31:37.920Z"}
{"level":"debug","message":"request occurred. req.session present? true","timestamp":"2015-09-04T07:31:37.920Z"}
{"cookie":{"path":"/","_expires":null,"originalMaxAge":null,"httpOnly":true},"return_to":"/login","username":"andrew","isLoggedIn":true,"level":"debug","message":"","timestamp":"2015-09-04T07:31:37.926Z"}
{"level":"debug","message":"request occurred. req.session present? true","timestamp":"2015-09-04T07:31:37.926Z"}
{"cookie":{"path":"/","_expires":null,"originalMaxAge":null,"httpOnly":true},"return_to":"/login","username":"andrew","isLoggedIn":true,"level":"debug","message":"","timestamp":"2015-09-04T07:31:38.019Z"}
{"level":"debug","message":"request occurred. req.session present? true","timestamp":"2015-09-04T07:31:38.019Z"}
{"cookie":{"path":"/","_expires":null,"originalMaxAge":null,"httpOnly":true},"return_to":"/login","username":"andrew","isLoggedIn":true,"level":"debug","message":"","timestamp":"2015-09-04T07:31:38.020Z"}
{"level":"debug","message":"request occurred. req.session present? true","timestamp":"2015-09-04T07:31:38.020Z"}
{"cookie":{"path":"/","_expires":null,"originalMaxAge":null,"httpOnly":true},"return_to":"/login","username":"andrew","isLoggedIn":true,"level":"debug","message":"","timestamp":"2015-09-04T07:31:38.021Z"}
{"level":"debug","message":"request occurred. req.session present? true","timestamp":"2015-09-04T07:31:38.021Z"}
{"cookie":{"path":"/","_expires":null,"originalMaxAge":null,"httpOnly":true},"return_to":"/login","username":"andrew","isLoggedIn":true,"level":"debug","message":"","timestamp":"2015-09-04T07:31:38.022Z"}
{"level":"debug","message":"request occurred. req.session present? true","timestamp":"2015-09-04T07:31:38.022Z"}
{"cookie":{"path":"/","_expires":null,"originalMaxAge":null,"httpOnly":true},"return_to":"/login","username":"andrew","isLoggedIn":true,"level":"debug","message":"","timestamp":"2015-09-04T07:31:38.391Z"}
{"level":"debug","message":"request occurred. req.session present? true","timestamp":"2015-09-04T07:31:38.392Z"}
{"level":"verbose","message":"true","timestamp":"2015-09-04T07:31:38.392Z"}
{"cookie":{"path":"/","_expires":null,"originalMaxAge":null,"httpOnly":true},"return_to":"/login","username":"andrew","isLoggedIn":true,"level":"debug","message":"","timestamp":"2015-09-04T07:31:38.554Z"}
{"level":"debug","message":"request occurred. req.session present? true","timestamp":"2015-09-04T07:31:38.554Z"}
{"cookie":{"path":"/","_expires":null,"originalMaxAge":null,"httpOnly":true},"return_to":"/login","username":"andrew","isLoggedIn":true,"level":"debug","message":"","timestamp":"2015-09-04T07:31:38.561Z"}
{"level":"debug","message":"request occurred. req.session present? true","timestamp":"2015-09-04T07:31:38.562Z"}
{"cookie":{"path":"/","_expires":null,"originalMaxAge":null,"httpOnly":true},"return_to":"/login","username":"andrew","isLoggedIn":true,"level":"debug","message":"","timestamp":"2015-09-04T07:31:38.677Z"}
{"level":"debug","message":"request occurred. req.session present? true","timestamp":"2015-09-04T07:31:38.678Z"}
{"cookie":{"path":"/","_expires":null,"originalMaxAge":null,"httpOnly":true},"return_to":"/login","username":"andrew","isLoggedIn":true,"level":"debug","message":"","timestamp":"2015-09-04T07:31:38.678Z"}
{"level":"debug","message":"request occurred. req.session present? true","timestamp":"2015-09-04T07:31:38.679Z"}
{"cookie":{"path":"/","_expires":null,"originalMaxAge":null,"httpOnly":true},"return_to":"/login","username":"andrew","isLoggedIn":true,"level":"debug","message":"","timestamp":"2015-09-04T07:31:38.679Z"}
{"level":"debug","message":"request occurred. req.session present? true","timestamp":"2015-09-04T07:31:38.680Z"}
{"cookie":{"path":"/","_expires":null,"originalMaxAge":null,"httpOnly":true},"return_to":"/login","username":"andrew","isLoggedIn":true,"level":"debug","message":"","timestamp":"2015-09-04T07:31:38.680Z"}
{"level":"debug","message":"request occurred. req.session present? true","timestamp":"2015-09-04T07:31:38.680Z"}
{"level":"info","message":"entered serviceRunnerTest.js","label":"\u001b[1m\u001b[32m\u001b[40mseneca\u001b[49m\u001b[39m\u001b[22m","timestamp":"2015-09-04T07:31:46.086Z"}
{"level":"info","message":"example app listening! Bootup done!","timestamp":"2015-09-04T07:31:47.166Z"}
{"level":"info","message":"Connected to Redis!","timestamp":"2015-09-04T07:31:47.173Z"}
{"level":"info","message":"math initializing!","label":"\u001b[1m\u001b[32m\u001b[40mseneca\u001b[49m\u001b[39m\u001b[22m","timestamp":"2015-09-04T07:31:47.191Z"}
{"level":"verbose","message":"andrew","timestamp":"2015-09-04T07:31:47.187Z"}
{"say":"hellooooooooooo!!","level":"info","message":"","label":"\u001b[1m\u001b[32m\u001b[40mseneca\u001b[49m\u001b[39m\u001b[22m","timestamp":"2015-09-04T07:31:47.207Z"}
{"answer":3,"level":"info","message":"","label":"\u001b[1m\u001b[32m\u001b[40mseneca\u001b[49m\u001b[39m\u001b[22m","timestamp":"2015-09-04T07:31:47.209Z"}
{"answer":20,"level":"info","message":"","label":"\u001b[1m\u001b[32m\u001b[40mseneca\u001b[49m\u001b[39m\u001b[22m","timestamp":"2015-09-04T07:31:47.210Z"}
{"answer":15,"level":"info","message":"","label":"\u001b[1m\u001b[32m\u001b[40mseneca\u001b[49m\u001b[39m\u001b[22m","timestamp":"2015-09-04T07:31:47.211Z"}
{"answer":215,"level":"info","message":"","label":"\u001b[1m\u001b[32m\u001b[40mseneca\u001b[49m\u001b[39m\u001b[22m","timestamp":"2015-09-04T07:31:47.211Z"}
{"answer":150,"level":"info","message":"null","label":"\u001b[1m\u001b[32m\u001b[40mseneca\u001b[49m\u001b[39m\u001b[22m","timestamp":"2015-09-04T07:31:47.322Z"}
{"answer":50,"level":"info","message":"null","label":"\u001b[1m\u001b[32m\u001b[40mseneca\u001b[49m\u001b[39m\u001b[22m","timestamp":"2015-09-04T07:31:47.324Z"}
{"cookie":{"path":"/","_expires":null,"originalMaxAge":null,"httpOnly":true},"return_to":"/login","username":"andrew","isLoggedIn":true,"level":"debug","message":"","timestamp":"2015-09-04T07:31:48.577Z"}
{"level":"debug","message":"request occurred. req.session present? true","timestamp":"2015-09-04T07:31:48.578Z"}
{"level":"verbose","message":"true","timestamp":"2015-09-04T07:31:48.582Z"}
{"cookie":{"path":"/","_expires":null,"originalMaxAge":null,"httpOnly":true},"return_to":"/login","username":"andrew","isLoggedIn":true,"level":"debug","message":"","timestamp":"2015-09-04T07:31:49.324Z"}
{"level":"debug","message":"request occurred. req.session present? true","timestamp":"2015-09-04T07:31:49.324Z"}
{"cookie":{"path":"/","_expires":null,"originalMaxAge":null,"httpOnly":true},"return_to":"/login","username":"andrew","isLoggedIn":true,"level":"debug","message":"","timestamp":"2015-09-04T07:31:49.457Z"}
{"level":"debug","message":"request occurred. req.session present? true","timestamp":"2015-09-04T07:31:49.458Z"}
{"cookie":{"path":"/","_expires":null,"originalMaxAge":null,"httpOnly":true},"return_to":"/login","username":"andrew","isLoggedIn":true,"level":"debug","message":"","timestamp":"2015-09-04T07:31:49.458Z"}
{"level":"debug","message":"request occurred. req.session present? true","timestamp":"2015-09-04T07:31:49.458Z"}
{"cookie":{"path":"/","_expires":null,"originalMaxAge":null,"httpOnly":true},"return_to":"/login","username":"andrew","isLoggedIn":true,"level":"debug","message":"","timestamp":"2015-09-04T07:31:49.458Z"}
{"level":"debug","message":"request occurred. req.session present? true","timestamp":"2015-09-04T07:31:49.458Z"}
{"cookie":{"path":"/","_expires":null,"originalMaxAge":null,"httpOnly":true},"return_to":"/login","username":"andrew","isLoggedIn":true,"level":"debug","message":"","timestamp":"2015-09-04T07:31:49.459Z"}
{"level":"debug","message":"request occurred. req.session present? true","timestamp":"2015-09-04T07:31:49.459Z"}
{"cookie":{"path":"/","_expires":null,"originalMaxAge":null,"httpOnly":true},"return_to":"/login","username":"andrew","isLoggedIn":true,"level":"debug","message":"","timestamp":"2015-09-04T07:31:49.698Z"}
{"level":"debug","message":"request occurred. req.session present? true","timestamp":"2015-09-04T07:31:49.699Z"}
{"level":"verbose","message":"true","timestamp":"2015-09-04T07:31:49.702Z"}
{"cookie":{"path":"/","_expires":null,"originalMaxAge":null,"httpOnly":true},"return_to":"/login","username":"andrew","isLoggedIn":true,"level":"debug","message":"","timestamp":"2015-09-04T07:31:49.859Z"}
{"level":"debug","message":"request occurred. req.session present? true","timestamp":"2015-09-04T07:31:49.859Z"}
{"cookie":{"path":"/","_expires":null,"originalMaxAge":null,"httpOnly":true},"return_to":"/login","username":"andrew","isLoggedIn":true,"level":"debug","message":"","timestamp":"2015-09-04T07:31:49.953Z"}
{"level":"debug","message":"request occurred. req.session present? true","timestamp":"2015-09-04T07:31:49.954Z"}
{"cookie":{"path":"/","_expires":null,"originalMaxAge":null,"httpOnly":true},"return_to":"/login","username":"andrew","isLoggedIn":true,"level":"debug","message":"","timestamp":"2015-09-04T07:31:49.954Z"}
{"level":"debug","message":"request occurred. req.session present? true","timestamp":"2015-09-04T07:31:49.955Z"}
{"cookie":{"path":"/","_expires":null,"originalMaxAge":null,"httpOnly":true},"return_to":"/login","username":"andrew","isLoggedIn":true,"level":"debug","message":"","timestamp":"2015-09-04T07:31:49.955Z"}
{"level":"debug","message":"request occurred. req.session present? true","timestamp":"2015-09-04T07:31:49.955Z"}
{"cookie":{"path":"/","_expires":null,"originalMaxAge":null,"httpOnly":true},"return_to":"/login","username":"andrew","isLoggedIn":true,"level":"debug","message":"","timestamp":"2015-09-04T07:31:49.956Z"}
{"level":"debug","message":"request occurred. req.session present? true","timestamp":"2015-09-04T07:31:49.956Z"}
{"cookie":{"path":"/","_expires":null,"originalMaxAge":null,"httpOnly":true},"return_to":"/login","username":"andrew","isLoggedIn":true,"level":"debug","message":"","timestamp":"2015-09-04T07:31:49.979Z"}
{"level":"debug","message":"request occurred. req.session present? true","timestamp":"2015-09-04T07:31:49.979Z"}
{"cookie":{"path":"/","_expires":null,"originalMaxAge":null,"httpOnly":true},"return_to":"/login","username":"andrew","isLoggedIn":true,"level":"debug","message":"","timestamp":"2015-09-04T07:31:50.383Z"}
{"level":"debug","message":"request occurred. req.session present? true","timestamp":"2015-09-04T07:31:50.383Z"}
{"level":"verbose","message":"true","timestamp":"2015-09-04T07:31:50.385Z"}
{"cookie":{"path":"/","_expires":null,"originalMaxAge":null,"httpOnly":true},"return_to":"/login","username":"andrew","isLoggedIn":true,"level":"debug","message":"","timestamp":"2015-09-04T07:31:50.509Z"}
{"level":"debug","message":"request occurred. req.session present? true","timestamp":"2015-09-04T07:31:50.509Z"}
{"cookie":{"path":"/","_expires":null,"originalMaxAge":null,"httpOnly":true},"return_to":"/login","username":"andrew","isLoggedIn":true,"level":"debug","message":"","timestamp":"2015-09-04T07:31:50.519Z"}
{"level":"debug","message":"request occurred. req.session present? true","timestamp":"2015-09-04T07:31:50.519Z"}
{"cookie":{"path":"/","_expires":null,"originalMaxAge":null,"httpOnly":true},"return_to":"/login","username":"andrew","isLoggedIn":true,"level":"debug","message":"","timestamp":"2015-09-04T07:31:50.617Z"}
{"level":"debug","message":"request occurred. req.session present? true","timestamp":"2015-09-04T07:31:50.618Z"}
{"cookie":{"path":"/","_expires":null,"originalMaxAge":null,"httpOnly":true},"return_to":"/login","username":"andrew","isLoggedIn":true,"level":"debug","message":"","timestamp":"2015-09-04T07:31:50.618Z"}
{"level":"debug","message":"request occurred. req.session present? true","timestamp":"2015-09-04T07:31:50.618Z"}
{"cookie":{"path":"/","_expires":null,"originalMaxAge":null,"httpOnly":true},"return_to":"/login","username":"andrew","isLoggedIn":true,"level":"debug","message":"","timestamp":"2015-09-04T07:31:50.619Z"}
{"level":"debug","message":"request occurred. req.session present? true","timestamp":"2015-09-04T07:31:50.619Z"}
{"cookie":{"path":"/","_expires":null,"originalMaxAge":null,"httpOnly":true},"return_to":"/login","username":"andrew","isLoggedIn":true,"level":"debug","message":"","timestamp":"2015-09-04T07:31:50.619Z"}
{"level":"debug","message":"request occurred. req.session present? true","timestamp":"2015-09-04T07:31:50.619Z"}
{"cookie":{"path":"/","_expires":null,"originalMaxAge":null,"httpOnly":true},"return_to":"/login","username":"andrew","isLoggedIn":true,"level":"debug","message":"","timestamp":"2015-09-04T07:31:50.859Z"}
{"level":"debug","message":"request occurred. req.session present? true","timestamp":"2015-09-04T07:31:50.860Z"}
{"level":"verbose","message":"true","timestamp":"2015-09-04T07:31:50.861Z"}
{"cookie":{"path":"/","_expires":null,"originalMaxAge":null,"httpOnly":true},"return_to":"/login","username":"andrew","isLoggedIn":true,"level":"debug","message":"","timestamp":"2015-09-04T07:31:50.989Z"}
{"level":"debug","message":"request occurred. req.session present? true","timestamp":"2015-09-04T07:31:50.990Z"}
{"cookie":{"path":"/","_expires":null,"originalMaxAge":null,"httpOnly":true},"return_to":"/login","username":"andrew","isLoggedIn":true,"level":"debug","message":"","timestamp":"2015-09-04T07:31:50.998Z"}
{"level":"debug","message":"request occurred. req.session present? true","timestamp":"2015-09-04T07:31:50.998Z"}
{"cookie":{"path":"/","_expires":null,"originalMaxAge":null,"httpOnly":true},"return_to":"/login","username":"andrew","isLoggedIn":true,"level":"debug","message":"","timestamp":"2015-09-04T07:31:51.080Z"}
{"level":"debug","message":"request occurred. req.session present? true","timestamp":"2015-09-04T07:31:51.080Z"}
{"cookie":{"path":"/","_expires":null,"originalMaxAge":null,"httpOnly":true},"return_to":"/login","username":"andrew","isLoggedIn":true,"level":"debug","message":"","timestamp":"2015-09-04T07:31:51.081Z"}
{"level":"debug","message":"request occurred. req.session present? true","timestamp":"2015-09-04T07:31:51.081Z"}
{"cookie":{"path":"/","_expires":null,"originalMaxAge":null,"httpOnly":true},"return_to":"/login","username":"andrew","isLoggedIn":true,"level":"debug","message":"","timestamp":"2015-09-04T07:31:51.082Z"}
{"level":"debug","message":"request occurred. req.session present? true","timestamp":"2015-09-04T07:31:51.082Z"}
{"cookie":{"path":"/","_expires":null,"originalMaxAge":null,"httpOnly":true},"return_to":"/login","username":"andrew","isLoggedIn":true,"level":"debug","message":"","timestamp":"2015-09-04T07:31:51.083Z"}
{"level":"debug","message":"request occurred. req.session present? true","timestamp":"2015-09-04T07:31:51.084Z"}
{"cookie":{"path":"/","_expires":null,"originalMaxAge":null,"httpOnly":true},"return_to":"/login","username":"andrew","isLoggedIn":true,"level":"debug","message":"","timestamp":"2015-09-04T07:31:51.258Z"}
{"level":"debug","message":"request occurred. req.session present? true","timestamp":"2015-09-04T07:31:51.258Z"}
{"level":"verbose","message":"true","timestamp":"2015-09-04T07:31:51.259Z"}
{"cookie":{"path":"/","_expires":null,"originalMaxAge":null,"httpOnly":true},"return_to":"/login","username":"andrew","isLoggedIn":true,"level":"debug","message":"","timestamp":"2015-09-04T07:31:51.341Z"}
{"level":"debug","message":"request occurred. req.session present? true","timestamp":"2015-09-04T07:31:51.341Z"}
{"cookie":{"path":"/","_expires":null,"originalMaxAge":null,"httpOnly":true},"return_to":"/login","username":"andrew","isLoggedIn":true,"level":"debug","message":"","timestamp":"2015-09-04T07:31:51.507Z"}
{"level":"debug","message":"request occurred. req.session present? true","timestamp":"2015-09-04T07:31:51.507Z"}
{"cookie":{"path":"/","_expires":null,"originalMaxAge":null,"httpOnly":true},"return_to":"/login","username":"andrew","isLoggedIn":true,"level":"debug","message":"","timestamp":"2015-09-04T07:31:51.507Z"}
{"level":"debug","message":"request occurred. req.session present? true","timestamp":"2015-09-04T07:31:51.507Z"}
{"cookie":{"path":"/","_expires":null,"originalMaxAge":null,"httpOnly":true},"return_to":"/login","username":"andrew","isLoggedIn":true,"level":"debug","message":"","timestamp":"2015-09-04T07:31:51.508Z"}
{"level":"debug","message":"request occurred. req.session present? true","timestamp":"2015-09-04T07:31:51.508Z"}
{"cookie":{"path":"/","_expires":null,"originalMaxAge":null,"httpOnly":true},"return_to":"/login","username":"andrew","isLoggedIn":true,"level":"debug","message":"","timestamp":"2015-09-04T07:31:51.509Z"}
{"level":"debug","message":"request occurred. req.session present? true","timestamp":"2015-09-04T07:31:51.510Z"}
{"cookie":{"path":"/","_expires":null,"originalMaxAge":null,"httpOnly":true},"return_to":"/login","username":"andrew","isLoggedIn":true,"level":"debug","message":"","timestamp":"2015-09-04T07:31:51.824Z"}
{"level":"debug","message":"request occurred. req.session present? true","timestamp":"2015-09-04T07:31:51.824Z"}
{"level":"verbose","message":"true","timestamp":"2015-09-04T07:31:51.825Z"}
{"cookie":{"path":"/","_expires":null,"originalMaxAge":null,"httpOnly":true},"return_to":"/login","username":"andrew","isLoggedIn":true,"level":"debug","message":"","timestamp":"2015-09-04T07:31:51.950Z"}
{"level":"debug","message":"request occurred. req.session present? true","timestamp":"2015-09-04T07:31:51.951Z"}
{"cookie":{"path":"/","_expires":null,"originalMaxAge":null,"httpOnly":true},"return_to":"/login","username":"andrew","isLoggedIn":true,"level":"debug","message":"","timestamp":"2015-09-04T07:31:51.961Z"}
{"level":"debug","message":"request occurred. req.session present? true","timestamp":"2015-09-04T07:31:51.961Z"}
{"cookie":{"path":"/","_expires":null,"originalMaxAge":null,"httpOnly":true},"return_to":"/login","username":"andrew","isLoggedIn":true,"level":"debug","message":"","timestamp":"2015-09-04T07:31:52.073Z"}
{"level":"debug","message":"request occurred. req.session present? true","timestamp":"2015-09-04T07:31:52.073Z"}
{"cookie":{"path":"/","_expires":null,"originalMaxAge":null,"httpOnly":true},"return_to":"/login","username":"andrew","isLoggedIn":true,"level":"debug","message":"","timestamp":"2015-09-04T07:31:52.074Z"}
{"level":"debug","message":"request occurred. req.session present? true","timestamp":"2015-09-04T07:31:52.074Z"}
{"cookie":{"path":"/","_expires":null,"originalMaxAge":null,"httpOnly":true},"return_to":"/login","username":"andrew","isLoggedIn":true,"level":"debug","message":"","timestamp":"2015-09-04T07:31:52.078Z"}
{"level":"debug","message":"request occurred. req.session present? true","timestamp":"2015-09-04T07:31:52.078Z"}
{"cookie":{"path":"/","_expires":null,"originalMaxAge":null,"httpOnly":true},"return_to":"/login","username":"andrew","isLoggedIn":true,"level":"debug","message":"","timestamp":"2015-09-04T07:31:52.078Z"}
{"level":"debug","message":"request occurred. req.session present? true","timestamp":"2015-09-04T07:31:52.078Z"}
{"cookie":{"path":"/","_expires":null,"originalMaxAge":null,"httpOnly":true},"return_to":"/login","username":"andrew","isLoggedIn":true,"level":"debug","message":"","timestamp":"2015-09-04T07:31:52.589Z"}
{"level":"debug","message":"request occurred. req.session present? true","timestamp":"2015-09-04T07:31:52.590Z"}
{"cookie":{"path":"/","_expires":null,"originalMaxAge":null,"httpOnly":true},"return_to":"/login","username":"andrew","isLoggedIn":true,"level":"debug","message":"","timestamp":"2015-09-04T07:31:52.669Z"}
{"level":"debug","message":"request occurred. req.session present? true","timestamp":"2015-09-04T07:31:52.669Z"}
{"cookie":{"path":"/","_expires":null,"originalMaxAge":null,"httpOnly":true},"return_to":"/login","username":"andrew","isLoggedIn":true,"level":"debug","message":"","timestamp":"2015-09-04T07:31:52.832Z"}
{"level":"debug","message":"request occurred. req.session present? true","timestamp":"2015-09-04T07:31:52.833Z"}
{"cookie":{"path":"/","_expires":null,"originalMaxAge":null,"httpOnly":true},"return_to":"/login","username":"andrew","isLoggedIn":true,"level":"debug","message":"","timestamp":"2015-09-04T07:31:52.833Z"}
{"level":"debug","message":"request occurred. req.session present? true","timestamp":"2015-09-04T07:31:52.834Z"}
{"cookie":{"path":"/","_expires":null,"originalMaxAge":null,"httpOnly":true},"return_to":"/login","username":"andrew","isLoggedIn":true,"level":"debug","message":"","timestamp":"2015-09-04T07:31:52.836Z"}
{"level":"debug","message":"request occurred. req.session present? true","timestamp":"2015-09-04T07:31:52.836Z"}
{"cookie":{"path":"/","_expires":null,"originalMaxAge":null,"httpOnly":true},"return_to":"/login","username":"andrew","isLoggedIn":true,"level":"debug","message":"","timestamp":"2015-09-04T07:31:52.837Z"}
{"level":"debug","message":"request occurred. req.session present? true","timestamp":"2015-09-04T07:31:52.837Z"}
{"cookie":{"path":"/","_expires":null,"originalMaxAge":null,"httpOnly":true},"return_to":"/login","username":"andrew","isLoggedIn":true,"level":"debug","message":"","timestamp":"2015-09-04T07:31:53.093Z"}
{"level":"debug","message":"request occurred. req.session present? true","timestamp":"2015-09-04T07:31:53.093Z"}
{"cookie":{"path":"/","_expires":null,"originalMaxAge":null,"httpOnly":true},"return_to":"/login","username":"andrew","isLoggedIn":true,"level":"debug","message":"","timestamp":"2015-09-04T07:31:53.167Z"}
{"level":"debug","message":"request occurred. req.session present? true","timestamp":"2015-09-04T07:31:53.167Z"}
{"cookie":{"path":"/","_expires":null,"originalMaxAge":null,"httpOnly":true},"return_to":"/login","username":"andrew","isLoggedIn":true,"level":"debug","message":"","timestamp":"2015-09-04T07:31:53.293Z"}
{"level":"debug","message":"request occurred. req.session present? true","timestamp":"2015-09-04T07:31:53.294Z"}
{"cookie":{"path":"/","_expires":null,"originalMaxAge":null,"httpOnly":true},"return_to":"/login","username":"andrew","isLoggedIn":true,"level":"debug","message":"","timestamp":"2015-09-04T07:31:53.295Z"}
{"level":"debug","message":"request occurred. req.session present? true","timestamp":"2015-09-04T07:31:53.295Z"}
{"cookie":{"path":"/","_expires":null,"originalMaxAge":null,"httpOnly":true},"return_to":"/login","username":"andrew","isLoggedIn":true,"level":"debug","message":"","timestamp":"2015-09-04T07:31:53.295Z"}
{"level":"debug","message":"request occurred. req.session present? true","timestamp":"2015-09-04T07:31:53.296Z"}
{"cookie":{"path":"/","_expires":null,"originalMaxAge":null,"httpOnly":true},"return_to":"/login","username":"andrew","isLoggedIn":true,"level":"debug","message":"","timestamp":"2015-09-04T07:31:53.296Z"}
{"level":"debug","message":"request occurred. req.session present? true","timestamp":"2015-09-04T07:31:53.298Z"}
{"cookie":{"path":"/","_expires":null,"originalMaxAge":null,"httpOnly":true},"return_to":"/login","username":"andrew","isLoggedIn":true,"level":"debug","message":"","timestamp":"2015-09-04T07:31:54.175Z"}
{"level":"debug","message":"request occurred. req.session present? true","timestamp":"2015-09-04T07:31:54.175Z"}
{"level":"verbose","message":"fe86c553-1267-498d-88b2-7419ecf378f8","timestamp":"2015-09-04T07:31:54.180Z"}
{"level":"silly","message":"OK","timestamp":"2015-09-04T07:31:54.180Z"}
{"cookie":{"path":"/","_expires":null,"originalMaxAge":null,"httpOnly":true},"return_to":"/login","username":"andrew","isLoggedIn":true,"level":"silly","message":"","timestamp":"2015-09-04T07:31:54.180Z"}
{"cookie":{"path":"/","_expires":null,"originalMaxAge":null,"httpOnly":true},"return_to":"/login","username":"andrew","isLoggedIn":true,"level":"debug","message":"","timestamp":"2015-09-04T07:31:54.185Z"}
{"level":"debug","message":"request occurred. req.session present? true","timestamp":"2015-09-04T07:31:54.186Z"}
{"level":"verbose","message":"true","timestamp":"2015-09-04T07:31:54.187Z"}
{"cookie":{"path":"/","_expires":null,"originalMaxAge":null,"httpOnly":true},"return_to":"/login","username":"andrew","isLoggedIn":true,"level":"debug","message":"","timestamp":"2015-09-04T07:31:54.299Z"}
{"level":"debug","message":"request occurred. req.session present? true","timestamp":"2015-09-04T07:31:54.300Z"}
{"cookie":{"path":"/","_expires":null,"originalMaxAge":null,"httpOnly":true},"return_to":"/login","username":"andrew","isLoggedIn":true,"level":"debug","message":"","timestamp":"2015-09-04T07:31:54.388Z"}
{"level":"debug","message":"request occurred. req.session present? true","timestamp":"2015-09-04T07:31:54.389Z"}
{"cookie":{"path":"/","_expires":null,"originalMaxAge":null,"httpOnly":true},"return_to":"/login","username":"andrew","isLoggedIn":true,"level":"debug","message":"","timestamp":"2015-09-04T07:31:54.389Z"}
{"level":"debug","message":"request occurred. req.session present? true","timestamp":"2015-09-04T07:31:54.389Z"}
{"cookie":{"path":"/","_expires":null,"originalMaxAge":null,"httpOnly":true},"return_to":"/login","username":"andrew","isLoggedIn":true,"level":"debug","message":"","timestamp":"2015-09-04T07:31:54.390Z"}
{"level":"debug","message":"request occurred. req.session present? true","timestamp":"2015-09-04T07:31:54.390Z"}
{"cookie":{"path":"/","_expires":null,"originalMaxAge":null,"httpOnly":true},"return_to":"/login","username":"andrew","isLoggedIn":true,"level":"debug","message":"","timestamp":"2015-09-04T07:31:54.392Z"}
{"level":"debug","message":"request occurred. req.session present? true","timestamp":"2015-09-04T07:31:54.392Z"}
{"level":"info","message":"entered serviceRunnerTest.js","label":"\u001b[1m\u001b[32m\u001b[40mseneca\u001b[49m\u001b[39m\u001b[22m","timestamp":"2015-09-04T08:06:54.092Z"}
{"level":"info","message":"example app listening! Bootup done!","timestamp":"2015-09-04T08:06:55.098Z"}
{"level":"info","message":"Connected to Redis!","timestamp":"2015-09-04T08:06:55.107Z"}
{"level":"info","message":"math initializing!","label":"\u001b[1m\u001b[32m\u001b[40mseneca\u001b[49m\u001b[39m\u001b[22m","timestamp":"2015-09-04T08:06:55.133Z"}
{"level":"verbose","message":"andrew","timestamp":"2015-09-04T08:06:55.127Z"}
{"say":"hellooooooooooo!!","level":"info","message":"","label":"\u001b[1m\u001b[32m\u001b[40mseneca\u001b[49m\u001b[39m\u001b[22m","timestamp":"2015-09-04T08:06:55.154Z"}
{"answer":3,"level":"info","message":"","label":"\u001b[1m\u001b[32m\u001b[40mseneca\u001b[49m\u001b[39m\u001b[22m","timestamp":"2015-09-04T08:06:55.160Z"}
{"answer":20,"level":"info","message":"","label":"\u001b[1m\u001b[32m\u001b[40mseneca\u001b[49m\u001b[39m\u001b[22m","timestamp":"2015-09-04T08:06:55.161Z"}
{"answer":15,"level":"info","message":"","label":"\u001b[1m\u001b[32m\u001b[40mseneca\u001b[49m\u001b[39m\u001b[22m","timestamp":"2015-09-04T08:06:55.163Z"}
{"answer":215,"level":"info","message":"","label":"\u001b[1m\u001b[32m\u001b[40mseneca\u001b[49m\u001b[39m\u001b[22m","timestamp":"2015-09-04T08:06:55.164Z"}
{"answer":150,"level":"info","message":"null","label":"\u001b[1m\u001b[32m\u001b[40mseneca\u001b[49m\u001b[39m\u001b[22m","timestamp":"2015-09-04T08:06:55.279Z"}
{"answer":50,"level":"info","message":"null","label":"\u001b[1m\u001b[32m\u001b[40mseneca\u001b[49m\u001b[39m\u001b[22m","timestamp":"2015-09-04T08:06:55.283Z"}
{"cookie":{"path":"/","_expires":null,"originalMaxAge":null,"httpOnly":true},"level":"debug","message":"","timestamp":"2015-09-04T08:06:58.757Z"}
{"level":"debug","message":"request occurred. req.session present? true","timestamp":"2015-09-04T08:06:58.758Z"}
{"cookie":{"path":"/","_expires":null,"originalMaxAge":null,"httpOnly":true},"level":"debug","message":"","timestamp":"2015-09-04T08:06:58.776Z"}
{"level":"debug","message":"request occurred. req.session present? true","timestamp":"2015-09-04T08:06:58.777Z"}
{"cookie":{"path":"/","_expires":null,"originalMaxAge":null,"httpOnly":true},"level":"debug","message":"","timestamp":"2015-09-04T08:07:00.203Z"}
{"level":"debug","message":"request occurred. req.session present? true","timestamp":"2015-09-04T08:07:00.204Z"}
{"cookie":{"path":"/","_expires":null,"originalMaxAge":null,"httpOnly":true},"level":"debug","message":"","timestamp":"2015-09-04T08:07:00.262Z"}
{"level":"debug","message":"request occurred. req.session present? true","timestamp":"2015-09-04T08:07:00.263Z"}
{"cookie":{"path":"/","_expires":null,"originalMaxAge":null,"httpOnly":true},"level":"debug","message":"","timestamp":"2015-09-04T08:07:00.276Z"}
{"level":"debug","message":"request occurred. req.session present? true","timestamp":"2015-09-04T08:07:00.276Z"}
{"cookie":{"path":"/","_expires":null,"originalMaxAge":null,"httpOnly":true},"level":"debug","message":"","timestamp":"2015-09-04T08:07:00.427Z"}
{"level":"debug","message":"request occurred. req.session present? true","timestamp":"2015-09-04T08:07:00.427Z"}
{"cookie":{"path":"/","_expires":null,"originalMaxAge":null,"httpOnly":true},"level":"debug","message":"","timestamp":"2015-09-04T08:07:00.430Z"}
{"level":"debug","message":"request occurred. req.session present? true","timestamp":"2015-09-04T08:07:00.431Z"}
{"cookie":{"path":"/","_expires":null,"originalMaxAge":null,"httpOnly":true},"level":"debug","message":"","timestamp":"2015-09-04T08:07:00.437Z"}
{"level":"debug","message":"request occurred. req.session present? true","timestamp":"2015-09-04T08:07:00.437Z"}
{"cookie":{"path":"/","_expires":null,"originalMaxAge":null,"httpOnly":true},"level":"debug","message":"","timestamp":"2015-09-04T08:07:00.439Z"}
{"level":"debug","message":"request occurred. req.session present? true","timestamp":"2015-09-04T08:07:00.439Z"}
{"level":"info","message":"entered serviceRunnerTest.js","label":"\u001b[1m\u001b[32m\u001b[40mseneca\u001b[49m\u001b[39m\u001b[22m","timestamp":"2015-09-04T08:07:02.349Z"}
{"level":"info","message":"example app listening! Bootup done!","timestamp":"2015-09-04T08:07:03.373Z"}
{"level":"info","message":"Connected to Redis!","timestamp":"2015-09-04T08:07:03.382Z"}
{"level":"info","message":"math initializing!","label":"\u001b[1m\u001b[32m\u001b[40mseneca\u001b[49m\u001b[39m\u001b[22m","timestamp":"2015-09-04T08:07:03.403Z"}
{"level":"verbose","message":"andrew","timestamp":"2015-09-04T08:07:03.398Z"}
{"say":"hellooooooooooo!!","level":"info","message":"","label":"\u001b[1m\u001b[32m\u001b[40mseneca\u001b[49m\u001b[39m\u001b[22m","timestamp":"2015-09-04T08:07:03.423Z"}
{"answer":3,"level":"info","message":"","label":"\u001b[1m\u001b[32m\u001b[40mseneca\u001b[49m\u001b[39m\u001b[22m","timestamp":"2015-09-04T08:07:03.427Z"}
{"answer":20,"level":"info","message":"","label":"\u001b[1m\u001b[32m\u001b[40mseneca\u001b[49m\u001b[39m\u001b[22m","timestamp":"2015-09-04T08:07:03.428Z"}
{"answer":15,"level":"info","message":"","label":"\u001b[1m\u001b[32m\u001b[40mseneca\u001b[49m\u001b[39m\u001b[22m","timestamp":"2015-09-04T08:07:03.429Z"}
{"answer":215,"level":"info","message":"","label":"\u001b[1m\u001b[32m\u001b[40mseneca\u001b[49m\u001b[39m\u001b[22m","timestamp":"2015-09-04T08:07:03.429Z"}
{"answer":150,"level":"info","message":"null","label":"\u001b[1m\u001b[32m\u001b[40mseneca\u001b[49m\u001b[39m\u001b[22m","timestamp":"2015-09-04T08:07:03.559Z"}
{"answer":50,"level":"info","message":"null","label":"\u001b[1m\u001b[32m\u001b[40mseneca\u001b[49m\u001b[39m\u001b[22m","timestamp":"2015-09-04T08:07:03.566Z"}
{"cookie":{"path":"/","_expires":null,"originalMaxAge":null,"httpOnly":true},"level":"debug","message":"","timestamp":"2015-09-04T08:07:07.898Z"}
{"level":"debug","message":"request occurred. req.session present? true","timestamp":"2015-09-04T08:07:07.901Z"}
{"cookie":{"path":"/","_expires":null,"originalMaxAge":null,"httpOnly":true},"level":"debug","message":"","timestamp":"2015-09-04T08:07:08.040Z"}
{"level":"debug","message":"request occurred. req.session present? true","timestamp":"2015-09-04T08:07:08.041Z"}
{"cookie":{"path":"/","_expires":null,"originalMaxAge":null,"httpOnly":true},"level":"debug","message":"","timestamp":"2015-09-04T08:07:08.088Z"}
{"level":"debug","message":"request occurred. req.session present? true","timestamp":"2015-09-04T08:07:08.089Z"}
{"cookie":{"path":"/","_expires":null,"originalMaxAge":null,"httpOnly":true},"level":"debug","message":"","timestamp":"2015-09-04T08:07:08.106Z"}
{"level":"debug","message":"request occurred. req.session present? true","timestamp":"2015-09-04T08:07:08.107Z"}
{"cookie":{"path":"/","_expires":null,"originalMaxAge":null,"httpOnly":true},"level":"debug","message":"","timestamp":"2015-09-04T08:07:08.242Z"}
{"level":"debug","message":"request occurred. req.session present? true","timestamp":"2015-09-04T08:07:08.242Z"}
{"cookie":{"path":"/","_expires":null,"originalMaxAge":null,"httpOnly":true},"level":"debug","message":"","timestamp":"2015-09-04T08:07:08.245Z"}
{"level":"debug","message":"request occurred. req.session present? true","timestamp":"2015-09-04T08:07:08.245Z"}
{"cookie":{"path":"/","_expires":null,"originalMaxAge":null,"httpOnly":true},"level":"debug","message":"","timestamp":"2015-09-04T08:07:08.248Z"}
{"level":"debug","message":"request occurred. req.session present? true","timestamp":"2015-09-04T08:07:08.249Z"}
{"cookie":{"path":"/","_expires":null,"originalMaxAge":null,"httpOnly":true},"level":"debug","message":"","timestamp":"2015-09-04T08:07:08.251Z"}
{"level":"debug","message":"request occurred. req.session present? true","timestamp":"2015-09-04T08:07:08.252Z"}
{"cookie":{"path":"/","_expires":null,"originalMaxAge":null,"httpOnly":true},"level":"debug","message":"","timestamp":"2015-09-04T08:07:11.517Z"}
{"level":"debug","message":"request occurred. req.session present? true","timestamp":"2015-09-04T08:07:11.518Z"}
{"level":"verbose","message":"4e261862-9416-48f6-9098-318b8c856499","timestamp":"2015-09-04T08:07:11.523Z"}
{"level":"silly","message":"OK","timestamp":"2015-09-04T08:07:11.524Z"}
{"cookie":{"path":"/","_expires":null,"originalMaxAge":null,"httpOnly":true},"return_to":"/login","username":"andrew","isLoggedIn":true,"level":"silly","message":"","timestamp":"2015-09-04T08:07:11.525Z"}
{"cookie":{"path":"/","_expires":null,"originalMaxAge":null,"httpOnly":true},"return_to":"/login","username":"andrew","isLoggedIn":true,"level":"debug","message":"","timestamp":"2015-09-04T08:07:11.536Z"}
{"level":"debug","message":"request occurred. req.session present? true","timestamp":"2015-09-04T08:07:11.536Z"}
{"cookie":{"path":"/","_expires":null,"originalMaxAge":null,"httpOnly":true},"return_to":"/login","username":"andrew","isLoggedIn":true,"level":"debug","message":"","timestamp":"2015-09-04T08:07:11.731Z"}
{"level":"debug","message":"request occurred. req.session present? true","timestamp":"2015-09-04T08:07:11.732Z"}
{"level":"info","message":"entered serviceRunnerTest.js","label":"\u001b[1m\u001b[32m\u001b[40mseneca\u001b[49m\u001b[39m\u001b[22m","timestamp":"2015-09-04T08:07:28.078Z"}
{"level":"info","message":"example app listening! Bootup done!","timestamp":"2015-09-04T08:07:29.178Z"}
{"level":"info","message":"Connected to Redis!","timestamp":"2015-09-04T08:07:29.199Z"}
{"level":"info","message":"math initializing!","label":"\u001b[1m\u001b[32m\u001b[40mseneca\u001b[49m\u001b[39m\u001b[22m","timestamp":"2015-09-04T08:07:29.237Z"}
{"level":"verbose","message":"andrew","timestamp":"2015-09-04T08:07:29.230Z"}
{"say":"hellooooooooooo!!","level":"info","message":"","label":"\u001b[1m\u001b[32m\u001b[40mseneca\u001b[49m\u001b[39m\u001b[22m","timestamp":"2015-09-04T08:07:29.271Z"}
{"answer":3,"level":"info","message":"","label":"\u001b[1m\u001b[32m\u001b[40mseneca\u001b[49m\u001b[39m\u001b[22m","timestamp":"2015-09-04T08:07:29.280Z"}
{"answer":20,"level":"info","message":"","label":"\u001b[1m\u001b[32m\u001b[40mseneca\u001b[49m\u001b[39m\u001b[22m","timestamp":"2015-09-04T08:07:29.282Z"}
{"answer":15,"level":"info","message":"","label":"\u001b[1m\u001b[32m\u001b[40mseneca\u001b[49m\u001b[39m\u001b[22m","timestamp":"2015-09-04T08:07:29.283Z"}
{"answer":215,"level":"info","message":"","label":"\u001b[1m\u001b[32m\u001b[40mseneca\u001b[49m\u001b[39m\u001b[22m","timestamp":"2015-09-04T08:07:29.285Z"}
{"answer":150,"level":"info","message":"null","label":"\u001b[1m\u001b[32m\u001b[40mseneca\u001b[49m\u001b[39m\u001b[22m","timestamp":"2015-09-04T08:07:29.405Z"}
{"answer":50,"level":"info","message":"null","label":"\u001b[1m\u001b[32m\u001b[40mseneca\u001b[49m\u001b[39m\u001b[22m","timestamp":"2015-09-04T08:07:29.410Z"}
